Using pre-set license
Built from '2021.3/staging' branch; Version is '2021.3.11f1 (0a5ca18544bf) revision 679073'; Using compiler version '192829333'; Build Type 'Release'
OS: 'Windows 11  (10.0.22621) 64bit Core' Language: 'ja' Physical Memory: 16085 MB
BatchMode: 1, IsHumanControllingUs: 0, StartBugReporterOnCrash: 0, Is64bit: 1, IsPro: 1

COMMAND LINE ARGUMENTS:
C:\Program Files\Unity\Hub\Editor\2021.3.11f1\Editor\Unity.exe
-adb2
-batchMode
-noUpm
-name
AssetImportWorker4
-projectPath
C:/Users/noran/DATEUP1
-logFile
Logs/AssetImportWorker4.log
-srvPort
57498
Successfully changed project path to: C:/Users/noran/DATEUP1
C:/Users/noran/DATEUP1
[UnityMemory] Configuration Parameters - Can be set up in boot.config
    "memorysetup-bucket-allocator-granularity=16"
    "memorysetup-bucket-allocator-bucket-count=8"
    "memorysetup-bucket-allocator-block-size=33554432"
    "memorysetup-bucket-allocator-block-count=8"
    "memorysetup-main-allocator-block-size=16777216"
    "memorysetup-thread-allocator-block-size=16777216"
    "memorysetup-gfx-main-allocator-block-size=16777216"
    "memorysetup-gfx-thread-allocator-block-size=16777216"
    "memorysetup-cache-allocator-block-size=4194304"
    "memorysetup-typetree-allocator-block-size=2097152"
    "memorysetup-profiler-bucket-allocator-granularity=16"
    "memorysetup-profiler-bucket-allocator-bucket-count=8"
    "memorysetup-profiler-bucket-allocator-block-size=33554432"
    "memorysetup-profiler-bucket-allocator-block-count=8"
    "memorysetup-profiler-allocator-block-size=16777216"
    "memorysetup-profiler-editor-allocator-block-size=1048576"
    "memorysetup-temp-allocator-size-main=16777216"
    "memorysetup-job-temp-allocator-block-size=2097152"
    "memorysetup-job-temp-allocator-block-size-background=1048576"
    "memorysetup-job-temp-allocator-reduction-small-platforms=262144"
    "memorysetup-temp-allocator-size-background-worker=32768"
    "memorysetup-temp-allocator-size-job-worker=262144"
    "memorysetup-temp-allocator-size-preload-manager=33554432"
    "memorysetup-temp-allocator-size-nav-mesh-worker=65536"
    "memorysetup-temp-allocator-size-audio-worker=65536"
    "memorysetup-temp-allocator-size-cloud-worker=32768"
    "memorysetup-temp-allocator-size-gi-baking-worker=262144"
    "memorysetup-temp-allocator-size-gfx=262144"
Refreshing native plugins compatible for Editor in 90.00 ms, found 3 plugins.
Preloading 0 native plugins for Editor in 0.00 ms.
Initialize engine version: 2021.3.11f1 (0a5ca18544bf)
[Subsystems] Discovering subsystems at path C:/Program Files/Unity/Hub/Editor/2021.3.11f1/Editor/Data/Resources/UnitySubsystems
[Subsystems] Discovering subsystems at path C:/Users/noran/DATEUP1/Assets
GfxDevice: creating device client; threaded=0; jobified=0
Direct3D:
    Version:  Direct3D 11.0 [level 11.1]
    Renderer: NVIDIA GeForce RTX 3060 Laptop GPU (ID=0x2520)
    Vendor:   NVIDIA
    VRAM:     6023 MB
    Driver:   30.0.15.1165
Initialize mono
Mono path[0] = 'C:/Program Files/Unity/Hub/Editor/2021.3.11f1/Editor/Data/Managed'
Mono path[1] = 'C:/Program Files/Unity/Hub/Editor/2021.3.11f1/Editor/Data/MonoBleedingEdge/lib/mono/unityjit-win32'
Mono config path = 'C:/Program Files/Unity/Hub/Editor/2021.3.11f1/Editor/Data/MonoBleedingEdge/etc'
Using monoOptions --debugger-agent=transport=dt_socket,embedding=1,server=y,suspend=n,address=127.0.0.1:56924
Begin MonoManager ReloadAssembly
Registering precompiled unity dll's ...
Register platform support module: C:/Program Files/Unity/Hub/Editor/2021.3.11f1/Editor/Data/PlaybackEngines/AndroidPlayer/UnityEditor.Android.Extensions.dll
Register platform support module: C:/Program Files/Unity/Hub/Editor/2021.3.11f1/Editor/Data/PlaybackEngines/WindowsStandaloneSupport/UnityEditor.WindowsStandalone.Extensions.dll
Registered in 0.003563 seconds.
Native extension for WindowsStandalone target not found
Native extension for Android target not found
Refreshing native plugins compatible for Editor in 67.94 ms, found 3 plugins.
Preloading 0 native plugins for Editor in 0.00 ms.
Mono: successfully reloaded assembly
- Completed reload, in  0.508 seconds
Domain Reload Profiling:
	ReloadAssembly (509ms)
		BeginReloadAssembly (54ms)
			ExecutionOrderSort (0ms)
			DisableScriptedObjects (0ms)
			BackupInstance (0ms)
			ReleaseScriptingObjects (0ms)
			CreateAndSetChildDomain (1ms)
		EndReloadAssembly (370ms)
			LoadAssemblies (53ms)
			RebuildTransferFunctionScriptingTraits (0ms)
			SetupTypeCache (83ms)
			ReleaseScriptCaches (0ms)
			RebuildScriptCaches (25ms)
			SetupLoadedEditorAssemblies (223ms)
				LogAssemblyErrors (0ms)
				InitializePlatformSupportModulesInManaged (44ms)
				SetLoadedEditorAssemblies (1ms)
				RefreshPlugins (68ms)
				BeforeProcessingInitializeOnLoad (1ms)
				ProcessInitializeOnLoadAttributes (76ms)
				ProcessInitializeOnLoadMethodAttributes (32ms)
				AfterProcessingInitializeOnLoad (0ms)
				EditorAssembliesLoaded (0ms)
			ExecutionOrderSort2 (0ms)
			AwakeInstancesAfterBackupRestoration (0ms)
Platform modules already initialized, skipping
Registering precompiled user dll's ...
Registered in 0.003395 seconds.
Begin MonoManager ReloadAssembly
Symbol file LoadedFromMemory doesn't match image C:\Users\noran\DATEUP1\Library\PackageCache\com.unity.visualscripting@1.7.8\Editor\VisualScripting.Core\Dependencies\YamlDotNet\Unity.VisualScripting.YamlDotNet.dll
Symbol file LoadedFromMemory doesn't match image C:\Users\noran\DATEUP1\Library\PackageCache\com.unity.visualscripting@1.7.8\Editor\VisualScripting.Core\Dependencies\DotNetZip\Unity.VisualScripting.IonicZip.dll
Native extension for WindowsStandalone target not found
Native extension for Android target not found
Refreshing native plugins compatible for Editor in 67.31 ms, found 3 plugins.
Preloading 0 native plugins for Editor in 0.00 ms.
Mono: successfully reloaded assembly
- Completed reload, in  1.066 seconds
Domain Reload Profiling:
	ReloadAssembly (1068ms)
		BeginReloadAssembly (191ms)
			ExecutionOrderSort (0ms)
			DisableScriptedObjects (5ms)
			BackupInstance (0ms)
			ReleaseScriptingObjects (0ms)
			CreateAndSetChildDomain (126ms)
		EndReloadAssembly (795ms)
			LoadAssemblies (61ms)
			RebuildTransferFunctionScriptingTraits (0ms)
			SetupTypeCache (200ms)
			ReleaseScriptCaches (1ms)
			RebuildScriptCaches (45ms)
			SetupLoadedEditorAssemblies (445ms)
				LogAssemblyErrors (0ms)
				InitializePlatformSupportModulesInManaged (10ms)
				SetLoadedEditorAssemblies (0ms)
				RefreshPlugins (67ms)
				BeforeProcessingInitializeOnLoad (73ms)
				ProcessInitializeOnLoadAttributes (237ms)
				ProcessInitializeOnLoadMethodAttributes (49ms)
				AfterProcessingInitializeOnLoad (8ms)
				EditorAssembliesLoaded (0ms)
			ExecutionOrderSort2 (0ms)
			AwakeInstancesAfterBackupRestoration (6ms)
Platform modules already initialized, skipping
========================================================================
Worker process is ready to serve import requests
Launched and connected shader compiler UnityShaderCompiler.exe after 0.03 seconds
Refreshing native plugins compatible for Editor in 0.66 ms, found 3 plugins.
Preloading 0 native plugins for Editor in 0.00 ms.
Unloading 4121 Unused Serialized files (Serialized files now loaded: 0)
Unloading 29 unused Assets / (118.9 KB). Loaded Objects now: 4588.
Memory consumption went from 149.0 MB to 148.9 MB.
Total: 3.101300 ms (FindLiveObjects: 0.290500 ms CreateObjectMapping: 0.108800 ms MarkObjects: 2.572500 ms  DeleteObjects: 0.128700 ms)

AssetImportParameters requested are different than current active one (requested -> active):
  custom:video-decoder-ogg-theora: a1e56fd34408186e4bbccfd4996cb3dc -> 
  custom:container-muxer-webm: aa71ff27fc2769a1b78a27578f13a17b -> 
  custom:container-demuxer-webm: 4f35f7cbe854078d1ac9338744f61a02 -> 
  custom:video-encoder-webm-vp8: eb34c28f22e8b96e1ab97ce403110664 -> 
  custom:video-codec-MediaFoundation-h265: 746d11721c4dcdbdad8f713fa42b33f4 -> 
  custom:audio-encoder-webm-vorbis: bf7c407c2cedff20999df2af8eb42d56 -> 
  custom:framework-win-MediaFoundation: 216162199b28c13a410421893ffa2e32 -> 
  custom:container-demuxer-ogg: 62fdf1f143b41e24485cea50d1cbac27 -> 
  custom:video-decoder-webm-vp8: 9c59270c3fd7afecdb556c50c9e8de78 -> 
  custom:audio-decoder-ogg-vorbis: bf7c407c2cedff20999df2af8eb42d56 -> 
========================================================================
Received Import Request.
  Time since last request: 103118.166003 seconds.
  path: Assets/PreHub/Other/EnemyGenerate.prefab
  artifactKey: Guid(e83e75766e603f94da16e75b8da75381) Importer(815301076,1909f56bfc062723c751e8b465ee728b)
Start importing Assets/PreHub/Other/EnemyGenerate.prefab using Guid(e83e75766e603f94da16e75b8da75381) Importer(815301076,1909f56bfc062723c751e8b465ee728b)  -> (artifact id: 'd2df662db685b50919902dad492a7996') in 0.047831 seconds 
========================================================================
Received Import Request.
  Time since last request: 1.660692 seconds.
  path: Assets/PreHub/Pillow/makura 2.prefab
  artifactKey: Guid(35a42687c097d0d479ce89a7165e3e1c) Importer(815301076,1909f56bfc062723c751e8b465ee728b)
Start importing Assets/PreHub/Pillow/makura 2.prefab using Guid(35a42687c097d0d479ce89a7165e3e1c) Importer(815301076,1909f56bfc062723c751e8b465ee728b)  -> (artifact id: '653fe0e564ff8dfe169304148c10d6ec') in 0.081132 seconds 
========================================================================
Received Import Request.
  Time since last request: 1.360858 seconds.
  path: Assets/ProBuilder Data/Default Color Palette.asset
  artifactKey: Guid(35355e03abf2df14c8dd5d0fad2c4ca2) Importer(815301076,1909f56bfc062723c751e8b465ee728b)
Start importing Assets/ProBuilder Data/Default Color Palette.asset using Guid(35355e03abf2df14c8dd5d0fad2c4ca2) Importer(815301076,1909f56bfc062723c751e8b465ee728b)  -> (artifact id: 'ebc2e4e43ff2f2bdac5651395620bbb5') in 0.010569 seconds 
========================================================================
Received Import Request.
  Time since last request: 22.072662 seconds.
  path: Assets/Material/New Material 1.mat
  artifactKey: Guid(1d9358f277fc4dc4bb7b4ce23cd8e982) Importer(815301076,1909f56bfc062723c751e8b465ee728b)
Start importing Assets/Material/New Material 1.mat using Guid(1d9358f277fc4dc4bb7b4ce23cd8e982) Importer(815301076,1909f56bfc062723c751e8b465ee728b)  -> (artifact id: '17fac3a1ebf97ae93948819cd9eeee3a') in 0.035200 seconds 
========================================================================
Received Import Request.
  Time since last request: 57.007054 seconds.
  path: Assets/Effect/EnemyEffect/lightBlueEnemyEffect.prefab
  artifactKey: Guid(e5256614263f2f14daac0b17fb197a1e) Importer(815301076,1909f56bfc062723c751e8b465ee728b)
Start importing Assets/Effect/EnemyEffect/lightBlueEnemyEffect.prefab using Guid(e5256614263f2f14daac0b17fb197a1e) Importer(815301076,1909f56bfc062723c751e8b465ee728b)  -> (artifact id: 'd45d45c5cadd5c9b7dcf570ee8e28238') in 0.029183 seconds 
========================================================================
Received Import Request.
  Time since last request: 32.464563 seconds.
  path: Assets/Animation
  artifactKey: Guid(5e302a05778bea343a67145f572d5b04) Importer(815301076,1909f56bfc062723c751e8b465ee728b)
Start importing Assets/Animation using Guid(5e302a05778bea343a67145f572d5b04) Importer(815301076,1909f56bfc062723c751e8b465ee728b)  -> (artifact id: 'b42f72757ab4667bae074d60506c27f2') in 0.006048 seconds 
========================================================================
Received Import Request.
  Time since last request: 80.443636 seconds.
  path: Assets/Animation/kemuri
  artifactKey: Guid(1095d038c397be04fbd947c544a55cee) Importer(815301076,1909f56bfc062723c751e8b465ee728b)
Start importing Assets/Animation/kemuri using Guid(1095d038c397be04fbd947c544a55cee) Importer(815301076,1909f56bfc062723c751e8b465ee728b)  -> (artifact id: 'fb505d9f32eef8c8201f7744de9c2a75') in 0.007990 seconds 
========================================================================
Received Import Request.
  Time since last request: 0.905716 seconds.
  path: Assets/Animation/kemuri/kemuri_effect
  artifactKey: Guid(f318337c0b3eff14b82ec3200566a6ed) Importer(815301076,1909f56bfc062723c751e8b465ee728b)
Start importing Assets/Animation/kemuri/kemuri_effect using Guid(f318337c0b3eff14b82ec3200566a6ed) Importer(815301076,1909f56bfc062723c751e8b465ee728b)  -> (artifact id: '07d6990ec6493081d8349caa7a2b7b86') in 0.007656 seconds 
========================================================================
Received Import Request.
  Time since last request: 0.050327 seconds.
  path: Assets/Animation/kemuri/kemuri_effect/sumok.png
  artifactKey: Guid(bbe3dbb582d9df64998a362cb7718bf7) Importer(815301076,1909f56bfc062723c751e8b465ee728b)
Start importing Assets/Animation/kemuri/kemuri_effect/sumok.png using Guid(bbe3dbb582d9df64998a362cb7718bf7) Importer(815301076,1909f56bfc062723c751e8b465ee728b)  -> (artifact id: 'a2bc37604f0d0be89d5ad1f9f454bb51') in 0.022338 seconds 
========================================================================
Received Import Request.
  Time since last request: 2.357791 seconds.
  path: Assets/Animation/kemuri/kemuri_effect/kemuri_normal.unity
  artifactKey: Guid(4db30caa091333c4a8042f10f37d0e81) Importer(815301076,1909f56bfc062723c751e8b465ee728b)
Start importing Assets/Animation/kemuri/kemuri_effect/kemuri_normal.unity using Guid(4db30caa091333c4a8042f10f37d0e81) Importer(815301076,1909f56bfc062723c751e8b465ee728b)  -> (artifact id: 'd077a725797cceb765b1597756a13d88') in 0.007311 seconds 
========================================================================
Received Import Request.
  Time since last request: 44.047953 seconds.
  path: Assets/Animation/kemuri/kemuri_effect/sumok.png
  artifactKey: Guid(bbe3dbb582d9df64998a362cb7718bf7) Importer(815301076,1909f56bfc062723c751e8b465ee728b)
Start importing Assets/Animation/kemuri/kemuri_effect/sumok.png using Guid(bbe3dbb582d9df64998a362cb7718bf7) Importer(815301076,1909f56bfc062723c751e8b465ee728b)  -> (artifact id: 'f0917c4424a5e9a9b3c594ac0d87c7ec') in 0.017263 seconds 
========================================================================
Received Import Request.
  Time since last request: 4.273356 seconds.
  path: Assets/Animation/kemuri/kemuri_effect/sumok.png
  artifactKey: Guid(bbe3dbb582d9df64998a362cb7718bf7) Importer(815301076,1909f56bfc062723c751e8b465ee728b)
Start importing Assets/Animation/kemuri/kemuri_effect/sumok.png using Guid(bbe3dbb582d9df64998a362cb7718bf7) Importer(815301076,1909f56bfc062723c751e8b465ee728b)  -> (artifact id: '3f5fa9ee777b7e2a45b3d3faaa4f74cb') in 0.040022 seconds 
========================================================================
Received Import Request.
  Time since last request: 147.210997 seconds.
  path: Assets/Animation/kemuri/kemuri_effect/sumok.png
  artifactKey: Guid(bbe3dbb582d9df64998a362cb7718bf7) Importer(815301076,1909f56bfc062723c751e8b465ee728b)
Start importing Assets/Animation/kemuri/kemuri_effect/sumok.png using Guid(bbe3dbb582d9df64998a362cb7718bf7) Importer(815301076,1909f56bfc062723c751e8b465ee728b)  -> (artifact id: 'b988a2ff96a4180e1f4f4bb812e78231') in 0.033296 seconds 
========================================================================
Received Import Request.
  Time since last request: 7.294411 seconds.
  path: Assets/Animation/kemuri/kemuri_effect/sumok.png
  artifactKey: Guid(bbe3dbb582d9df64998a362cb7718bf7) Importer(815301076,1909f56bfc062723c751e8b465ee728b)
Start importing Assets/Animation/kemuri/kemuri_effect/sumok.png using Guid(bbe3dbb582d9df64998a362cb7718bf7) Importer(815301076,1909f56bfc062723c751e8b465ee728b)  -> (artifact id: 'c97e6b1c6a9232c362124eb624cf0220') in 0.029688 seconds 
========================================================================
Received Import Request.
  Time since last request: 15.499738 seconds.
  path: Assets/Models/Ghost/obke.fbx
  artifactKey: Guid(c975b38af06aca544913f88100413d81) Importer(815301076,1909f56bfc062723c751e8b465ee728b)
Start importing Assets/Models/Ghost/obke.fbx using Guid(c975b38af06aca544913f88100413d81) Importer(815301076,1909f56bfc062723c751e8b465ee728b)  -> (artifact id: '3bfa6249af45e52fe502b2ab7e1b2e46') in 0.103177 seconds 
========================================================================
Received Import Request.
  Time since last request: 0.000019 seconds.
  path: Assets/Models/Player/su-tu_Down motion.fbx
  artifactKey: Guid(b80bb95266f471a46988423b59fe36be) Importer(815301076,1909f56bfc062723c751e8b465ee728b)
Start importing Assets/Models/Player/su-tu_Down motion.fbx using Guid(b80bb95266f471a46988423b59fe36be) Importer(815301076,1909f56bfc062723c751e8b465ee728b)  -> (artifact id: '21a76350e8454f944fa67f4fe77046fd') in 0.071047 seconds 
========================================================================
Received Import Request.
  Time since last request: 52.664096 seconds.
  path: Assets/Animation/kemuri/kemuri_effect/sumok.png
  artifactKey: Guid(bbe3dbb582d9df64998a362cb7718bf7) Importer(815301076,1909f56bfc062723c751e8b465ee728b)
Start importing Assets/Animation/kemuri/kemuri_effect/sumok.png using Guid(bbe3dbb582d9df64998a362cb7718bf7) Importer(815301076,1909f56bfc062723c751e8b465ee728b)  -> (artifact id: 'fdc4d48507978f2331c45345ecc16a20') in 0.015858 seconds 
========================================================================
Received Import Request.
  Time since last request: 24.169886 seconds.
  path: Assets/Animation/kemuri/kemuri_effect/sumok.png
  artifactKey: Guid(bbe3dbb582d9df64998a362cb7718bf7) Importer(815301076,1909f56bfc062723c751e8b465ee728b)
Start importing Assets/Animation/kemuri/kemuri_effect/sumok.png using Guid(bbe3dbb582d9df64998a362cb7718bf7) Importer(815301076,1909f56bfc062723c751e8b465ee728b)  -> (artifact id: '1ed460a3cc94b790f0577f6df9bc8a20') in 0.013927 seconds 
========================================================================
Received Import Request.
  Time since last request: 15.294792 seconds.
  path: Assets/Animation/kemuri/kemuri_effect/sumok.png
  artifactKey: Guid(bbe3dbb582d9df64998a362cb7718bf7) Importer(815301076,1909f56bfc062723c751e8b465ee728b)
Start importing Assets/Animation/kemuri/kemuri_effect/sumok.png using Guid(bbe3dbb582d9df64998a362cb7718bf7) Importer(815301076,1909f56bfc062723c751e8b465ee728b)  -> (artifact id: 'e6f036560b4dcedce877b997b4aec05d') in 0.012964 seconds 
========================================================================
Received Import Request.
  Time since last request: 12.635055 seconds.
  path: Assets/Animation/kemuri/kemuri_effect/sumok.png
  artifactKey: Guid(bbe3dbb582d9df64998a362cb7718bf7) Importer(815301076,1909f56bfc062723c751e8b465ee728b)
Start importing Assets/Animation/kemuri/kemuri_effect/sumok.png using Guid(bbe3dbb582d9df64998a362cb7718bf7) Importer(815301076,1909f56bfc062723c751e8b465ee728b)  -> (artifact id: 'de9bcc701499fe6568f2336b6d1f29c5') in 0.018229 seconds 
========================================================================
Received Import Request.
  Time since last request: 23.270788 seconds.
  path: Assets/Animation/kemuri/kemuri_effect/sumok.png
  artifactKey: Guid(bbe3dbb582d9df64998a362cb7718bf7) Importer(815301076,1909f56bfc062723c751e8b465ee728b)
Start importing Assets/Animation/kemuri/kemuri_effect/sumok.png using Guid(bbe3dbb582d9df64998a362cb7718bf7) Importer(815301076,1909f56bfc062723c751e8b465ee728b)  -> (artifact id: 'c3d855f0a63e2873c4461817b3aebbf0') in 0.032497 seconds 
========================================================================
Received Import Request.
  Time since last request: 86.536967 seconds.
  path: Assets/AurynSky
  artifactKey: Guid(e59aef2ca4bfa7041b3708d3ab6b54a2) Importer(815301076,1909f56bfc062723c751e8b465ee728b)
Start importing Assets/AurynSky using Guid(e59aef2ca4bfa7041b3708d3ab6b54a2) Importer(815301076,1909f56bfc062723c751e8b465ee728b)  -> (artifact id: '6986eacf88100f4da6a3f9567e445a62') in 0.008088 seconds 
========================================================================
Received Import Request.
  Time since last request: 0.762498 seconds.
  path: Assets/AurynSky/Gems Ultimate Pack
  artifactKey: Guid(e5c9c1d265c109a4e8f435cb507dc631) Importer(815301076,1909f56bfc062723c751e8b465ee728b)
Start importing Assets/AurynSky/Gems Ultimate Pack using Guid(e5c9c1d265c109a4e8f435cb507dc631) Importer(815301076,1909f56bfc062723c751e8b465ee728b)  -> (artifact id: '2df1e6194c88c19afd8328806e68ccdd') in 0.009044 seconds 
========================================================================
Received Import Request.
  Time since last request: 3.842808 seconds.
  path: Assets/AurynSky/Gems Ultimate Pack/Materials
  artifactKey: Guid(bde12267b5e55de4997ed6dffcbfc87e) Importer(815301076,1909f56bfc062723c751e8b465ee728b)
Start importing Assets/AurynSky/Gems Ultimate Pack/Materials using Guid(bde12267b5e55de4997ed6dffcbfc87e) Importer(815301076,1909f56bfc062723c751e8b465ee728b)  -> (artifact id: '41a61a9fd10d3451c8c752202069208e') in 0.008160 seconds 
========================================================================
Received Import Request.
  Time since last request: 0.076790 seconds.
  path: Assets/AurynSky/Gems Ultimate Pack/Materials/BG.mat
  artifactKey: Guid(5c623d53aca45c44586ec2d14fef488e) Importer(815301076,1909f56bfc062723c751e8b465ee728b)
Start importing Assets/AurynSky/Gems Ultimate Pack/Materials/BG.mat using Guid(5c623d53aca45c44586ec2d14fef488e) Importer(815301076,1909f56bfc062723c751e8b465ee728b)  -> (artifact id: '558fc23d800b98c9541b8a58ccfc5bc8') in 0.018095 seconds 
========================================================================
Received Import Request.
  Time since last request: 0.000021 seconds.
  path: Assets/AurynSky/Gems Ultimate Pack/Materials/Green.mat
  artifactKey: Guid(efe6fc25350958c479cd9fcde7e565f9) Importer(815301076,1909f56bfc062723c751e8b465ee728b)
Start importing Assets/AurynSky/Gems Ultimate Pack/Materials/Green.mat using Guid(efe6fc25350958c479cd9fcde7e565f9) Importer(815301076,1909f56bfc062723c751e8b465ee728b)  -> (artifact id: 'df81acee29635b8511bd5ca625b6d0e6') in 0.019536 seconds 
========================================================================
Received Import Request.
  Time since last request: 0.000020 seconds.
  path: Assets/AurynSky/Gems Ultimate Pack/Materials/Orange.mat
  artifactKey: Guid(5a9e6cf91cbfc1a4fbc9470cca37b97a) Importer(815301076,1909f56bfc062723c751e8b465ee728b)
Start importing Assets/AurynSky/Gems Ultimate Pack/Materials/Orange.mat using Guid(5a9e6cf91cbfc1a4fbc9470cca37b97a) Importer(815301076,1909f56bfc062723c751e8b465ee728b)  -> (artifact id: '95f49e9c701f0166ef1aff8a6602c602') in 0.019173 seconds 
========================================================================
Received Import Request.
  Time since last request: 0.000022 seconds.
  path: Assets/AurynSky/Gems Ultimate Pack/Materials/Pink.mat
  artifactKey: Guid(34a2d4fc8f422c345a4cc739f3ee3b81) Importer(815301076,1909f56bfc062723c751e8b465ee728b)
Start importing Assets/AurynSky/Gems Ultimate Pack/Materials/Pink.mat using Guid(34a2d4fc8f422c345a4cc739f3ee3b81) Importer(815301076,1909f56bfc062723c751e8b465ee728b)  -> (artifact id: 'b0428a5d5969cfa9fad4abc2f2321e22') in 0.017020 seconds 
========================================================================
Received Import Request.
  Time since last request: 0.000020 seconds.
  path: Assets/AurynSky/Gems Ultimate Pack/Materials/Red.mat
  artifactKey: Guid(6a6944f4904547e4fb039789da5fcd85) Importer(815301076,1909f56bfc062723c751e8b465ee728b)
Start importing Assets/AurynSky/Gems Ultimate Pack/Materials/Red.mat using Guid(6a6944f4904547e4fb039789da5fcd85) Importer(815301076,1909f56bfc062723c751e8b465ee728b)  -> (artifact id: '608d4d13c0999dfa14a94d7b17c9243f') in 0.017451 seconds 
========================================================================
Received Import Request.
  Time since last request: 6.736656 seconds.
  path: Assets/Effect
  artifactKey: Guid(4e3a3b20c8a46ad4182ea451d566c7f8) Importer(815301076,1909f56bfc062723c751e8b465ee728b)
Start importing Assets/Effect using Guid(4e3a3b20c8a46ad4182ea451d566c7f8) Importer(815301076,1909f56bfc062723c751e8b465ee728b)  -> (artifact id: '0a1e699e3b18a1aca40a213cd0cc69af') in 0.010900 seconds 
========================================================================
Received Import Request.
  Time since last request: 0.815195 seconds.
  path: Assets/Effect/EnemyEffect
  artifactKey: Guid(94538f0f6485c31488567a571e89d3f6) Importer(815301076,1909f56bfc062723c751e8b465ee728b)
Start importing Assets/Effect/EnemyEffect using Guid(94538f0f6485c31488567a571e89d3f6) Importer(815301076,1909f56bfc062723c751e8b465ee728b)  -> (artifact id: '7f41be3b5a49eef86f1b56b39119f67f') in 0.007037 seconds 
========================================================================
Received Import Request.
  Time since last request: 18.388666 seconds.
  path: Assets/Scenes/SampleScene.unity
  artifactKey: Guid(9fc0d4010bbf28b4594072e72b8655ab) Importer(815301076,1909f56bfc062723c751e8b465ee728b)
Start importing Assets/Scenes/SampleScene.unity using Guid(9fc0d4010bbf28b4594072e72b8655ab) Importer(815301076,1909f56bfc062723c751e8b465ee728b)  -> (artifact id: 'c921a60fba8d93dfe4463d4f5a31b997') in 0.008418 seconds 
========================================================================
Received Prepare
Registering precompiled user dll's ...
Registered in 0.003291 seconds.
Begin MonoManager ReloadAssembly
Symbol file LoadedFromMemory doesn't match image C:\Users\noran\DATEUP1\Library\PackageCache\com.unity.visualscripting@1.7.8\Editor\VisualScripting.Core\Dependencies\YamlDotNet\Unity.VisualScripting.YamlDotNet.dll
Symbol file LoadedFromMemory doesn't match image C:\Users\noran\DATEUP1\Library\PackageCache\com.unity.visualscripting@1.7.8\Editor\VisualScripting.Core\Dependencies\DotNetZip\Unity.VisualScripting.IonicZip.dll
Native extension for WindowsStandalone target not found
Native extension for Android target not found
Refreshing native plugins compatible for Editor in 0.82 ms, found 3 plugins.
Preloading 0 native plugins for Editor in 0.00 ms.
Mono: successfully reloaded assembly
- Completed reload, in  0.932 seconds
Domain Reload Profiling:
	ReloadAssembly (932ms)
		BeginReloadAssembly (119ms)
			ExecutionOrderSort (0ms)
			DisableScriptedObjects (4ms)
			BackupInstance (0ms)
			ReleaseScriptingObjects (0ms)
			CreateAndSetChildDomain (43ms)
		EndReloadAssembly (738ms)
			LoadAssemblies (58ms)
			RebuildTransferFunctionScriptingTraits (0ms)
			SetupTypeCache (240ms)
			ReleaseScriptCaches (2ms)
			RebuildScriptCaches (45ms)
			SetupLoadedEditorAssemblies (340ms)
				LogAssemblyErrors (0ms)
				InitializePlatformSupportModulesInManaged (19ms)
				SetLoadedEditorAssemblies (0ms)
				RefreshPlugins (1ms)
				BeforeProcessingInitializeOnLoad (61ms)
				ProcessInitializeOnLoadAttributes (230ms)
				ProcessInitializeOnLoadMethodAttributes (23ms)
				AfterProcessingInitializeOnLoad (5ms)
				EditorAssembliesLoaded (0ms)
			ExecutionOrderSort2 (0ms)
			AwakeInstancesAfterBackupRestoration (5ms)
Platform modules already initialized, skipping
Refreshing native plugins compatible for Editor in 1.62 ms, found 3 plugins.
Preloading 0 native plugins for Editor in 0.00 ms.
Unloading 4095 Unused Serialized files (Serialized files now loaded: 0)
Unloading 20 unused Assets / (78.1 KB). Loaded Objects now: 4644.
Memory consumption went from 164.2 MB to 164.1 MB.
Total: 3.459200 ms (FindLiveObjects: 0.267400 ms CreateObjectMapping: 0.113300 ms MarkObjects: 2.986400 ms  DeleteObjects: 0.091200 ms)

AssetImportParameters requested are different than current active one (requested -> active):
  custom:video-decoder-ogg-theora: a1e56fd34408186e4bbccfd4996cb3dc -> 
  custom:container-muxer-webm: aa71ff27fc2769a1b78a27578f13a17b -> 
  custom:container-demuxer-webm: 4f35f7cbe854078d1ac9338744f61a02 -> 
  custom:video-encoder-webm-vp8: eb34c28f22e8b96e1ab97ce403110664 -> 
  custom:video-codec-MediaFoundation-h265: 746d11721c4dcdbdad8f713fa42b33f4 -> 
  custom:audio-encoder-webm-vorbis: bf7c407c2cedff20999df2af8eb42d56 -> 
  custom:framework-win-MediaFoundation: 216162199b28c13a410421893ffa2e32 -> 
  custom:container-demuxer-ogg: 62fdf1f143b41e24485cea50d1cbac27 -> 
  custom:video-decoder-webm-vp8: 9c59270c3fd7afecdb556c50c9e8de78 -> 
  custom:audio-decoder-ogg-vorbis: bf7c407c2cedff20999df2af8eb42d56 -> 
========================================================================
Received Import Request.
  Time since last request: 46.646756 seconds.
  path: Assets/Material/Effect/New Material.mat
  artifactKey: Guid(3dd15e984da9c3945862396d7e66d53f) Importer(815301076,1909f56bfc062723c751e8b465ee728b)
Start importing Assets/Material/Effect/New Material.mat using Guid(3dd15e984da9c3945862396d7e66d53f) Importer(815301076,1909f56bfc062723c751e8b465ee728b)  -> (artifact id: '847a70e395013497ddb53d3b9bbc8629') in 0.055743 seconds 
========================================================================
Received Import Request.
  Time since last request: 58.527056 seconds.
  path: Assets/Effect/EnemyEffect/lightBlueEnemyEffect 1.prefab
  artifactKey: Guid(f8fdf0498ee4222408311255234ba719) Importer(815301076,1909f56bfc062723c751e8b465ee728b)
Start importing Assets/Effect/EnemyEffect/lightBlueEnemyEffect 1.prefab using Guid(f8fdf0498ee4222408311255234ba719) Importer(815301076,1909f56bfc062723c751e8b465ee728b)  -> (artifact id: 'b8896a0afb7e102b99409c92c708a83c') in 0.038185 seconds 
========================================================================
Received Import Request.
  Time since last request: 23.045775 seconds.
  path: Assets/Effect/EnemyEffect/lightBlueEnemyEffect 1.prefab
  artifactKey: Guid(f8fdf0498ee4222408311255234ba719) Importer(815301076,1909f56bfc062723c751e8b465ee728b)
Start importing Assets/Effect/EnemyEffect/lightBlueEnemyEffect 1.prefab using Guid(f8fdf0498ee4222408311255234ba719) Importer(815301076,1909f56bfc062723c751e8b465ee728b)  -> (artifact id: '42d5889d4e23663d9527627cd0b7e417') in 0.016510 seconds 
========================================================================
Received Import Request.
  Time since last request: 22.121799 seconds.
  path: Assets/Effect/EnemyEffect/AppearanceEffect.prefab
  artifactKey: Guid(f8fdf0498ee4222408311255234ba719) Importer(815301076,1909f56bfc062723c751e8b465ee728b)
Start importing Assets/Effect/EnemyEffect/AppearanceEffect.prefab using Guid(f8fdf0498ee4222408311255234ba719) Importer(815301076,1909f56bfc062723c751e8b465ee728b)  -> (artifact id: '37eacfba33a355aef36e62cb0ce81260') in 0.016065 seconds 
========================================================================
Received Import Request.
  Time since last request: 16.828007 seconds.
  path: Assets/Effect/EnemyEffect/AppearanceEffect.prefab
  artifactKey: Guid(f8fdf0498ee4222408311255234ba719) Importer(815301076,1909f56bfc062723c751e8b465ee728b)
Start importing Assets/Effect/EnemyEffect/AppearanceEffect.prefab using Guid(f8fdf0498ee4222408311255234ba719) Importer(815301076,1909f56bfc062723c751e8b465ee728b)  -> (artifact id: '1497fc8da98670f04c0f2b692e58ee64') in 0.011461 seconds 
========================================================================
Received Import Request.
  Time since last request: 45.824388 seconds.
  path: Assets/PreHub/Enemy/purpleEnemy.prefab
  artifactKey: Guid(518b2f56fb5795b46808e9c2760d2208) Importer(815301076,1909f56bfc062723c751e8b465ee728b)
Start importing Assets/PreHub/Enemy/purpleEnemy.prefab using Guid(518b2f56fb5795b46808e9c2760d2208) Importer(815301076,1909f56bfc062723c751e8b465ee728b)  -> (artifact id: '9a63d3c036d069e3e52f9353463bbb64') in 0.031166 seconds 
========================================================================
Received Prepare
Registering precompiled user dll's ...
Registered in 0.004852 seconds.
Begin MonoManager ReloadAssembly
Symbol file LoadedFromMemory doesn't match image C:\Users\noran\DATEUP1\Library\PackageCache\com.unity.visualscripting@1.7.8\Editor\VisualScripting.Core\Dependencies\YamlDotNet\Unity.VisualScripting.YamlDotNet.dll
Symbol file LoadedFromMemory doesn't match image C:\Users\noran\DATEUP1\Library\PackageCache\com.unity.visualscripting@1.7.8\Editor\VisualScripting.Core\Dependencies\DotNetZip\Unity.VisualScripting.IonicZip.dll
Native extension for WindowsStandalone target not found
Native extension for Android target not found
Refreshing native plugins compatible for Editor in 0.64 ms, found 3 plugins.
Preloading 0 native plugins for Editor in 0.00 ms.
Mono: successfully reloaded assembly
- Completed reload, in  0.874 seconds
Domain Reload Profiling:
	ReloadAssembly (874ms)
		BeginReloadAssembly (111ms)
			ExecutionOrderSort (0ms)
			DisableScriptedObjects (3ms)
			BackupInstance (0ms)
			ReleaseScriptingObjects (0ms)
			CreateAndSetChildDomain (35ms)
		EndReloadAssembly (684ms)
			LoadAssemblies (64ms)
			RebuildTransferFunctionScriptingTraits (0ms)
			SetupTypeCache (210ms)
			ReleaseScriptCaches (2ms)
			RebuildScriptCaches (35ms)
			SetupLoadedEditorAssemblies (338ms)
				LogAssemblyErrors (0ms)
				InitializePlatformSupportModulesInManaged (15ms)
				SetLoadedEditorAssemblies (0ms)
				RefreshPlugins (1ms)
				BeforeProcessingInitializeOnLoad (54ms)
				ProcessInitializeOnLoadAttributes (237ms)
				ProcessInitializeOnLoadMethodAttributes (26ms)
				AfterProcessingInitializeOnLoad (4ms)
				EditorAssembliesLoaded (0ms)
			ExecutionOrderSort2 (0ms)
			AwakeInstancesAfterBackupRestoration (6ms)
Platform modules already initialized, skipping
Refreshing native plugins compatible for Editor in 1.76 ms, found 3 plugins.
Preloading 0 native plugins for Editor in 0.00 ms.
Unloading 4095 Unused Serialized files (Serialized files now loaded: 0)
Unloading 20 unused Assets / (85.7 KB). Loaded Objects now: 4647.
Memory consumption went from 164.2 MB to 164.2 MB.
Total: 2.953300 ms (FindLiveObjects: 0.275900 ms CreateObjectMapping: 0.109000 ms MarkObjects: 2.485100 ms  DeleteObjects: 0.082400 ms)

AssetImportParameters requested are different than current active one (requested -> active):
  custom:video-decoder-ogg-theora: a1e56fd34408186e4bbccfd4996cb3dc -> 
  custom:container-muxer-webm: aa71ff27fc2769a1b78a27578f13a17b -> 
  custom:container-demuxer-webm: 4f35f7cbe854078d1ac9338744f61a02 -> 
  custom:video-encoder-webm-vp8: eb34c28f22e8b96e1ab97ce403110664 -> 
  custom:video-codec-MediaFoundation-h265: 746d11721c4dcdbdad8f713fa42b33f4 -> 
  custom:audio-encoder-webm-vorbis: bf7c407c2cedff20999df2af8eb42d56 -> 
  custom:framework-win-MediaFoundation: 216162199b28c13a410421893ffa2e32 -> 
  custom:container-demuxer-ogg: 62fdf1f143b41e24485cea50d1cbac27 -> 
  custom:video-decoder-webm-vp8: 9c59270c3fd7afecdb556c50c9e8de78 -> 
  custom:audio-decoder-ogg-vorbis: bf7c407c2cedff20999df2af8eb42d56 -> 
========================================================================
Received Prepare
Registering precompiled user dll's ...
Registered in 0.005003 seconds.
Begin MonoManager ReloadAssembly
Symbol file LoadedFromMemory doesn't match image C:\Users\noran\DATEUP1\Library\PackageCache\com.unity.visualscripting@1.7.8\Editor\VisualScripting.Core\Dependencies\YamlDotNet\Unity.VisualScripting.YamlDotNet.dll
Symbol file LoadedFromMemory doesn't match image C:\Users\noran\DATEUP1\Library\PackageCache\com.unity.visualscripting@1.7.8\Editor\VisualScripting.Core\Dependencies\DotNetZip\Unity.VisualScripting.IonicZip.dll
Native extension for WindowsStandalone target not found
Native extension for Android target not found
Refreshing native plugins compatible for Editor in 0.64 ms, found 3 plugins.
Preloading 0 native plugins for Editor in 0.00 ms.
Mono: successfully reloaded assembly
- Completed reload, in  0.889 seconds
Domain Reload Profiling:
	ReloadAssembly (890ms)
		BeginReloadAssembly (123ms)
			ExecutionOrderSort (0ms)
			DisableScriptedObjects (4ms)
			BackupInstance (0ms)
			ReleaseScriptingObjects (0ms)
			CreateAndSetChildDomain (42ms)
		EndReloadAssembly (692ms)
			LoadAssemblies (69ms)
			RebuildTransferFunctionScriptingTraits (0ms)
			SetupTypeCache (221ms)
			ReleaseScriptCaches (2ms)
			RebuildScriptCaches (33ms)
			SetupLoadedEditorAssemblies (334ms)
				LogAssemblyErrors (0ms)
				InitializePlatformSupportModulesInManaged (16ms)
				SetLoadedEditorAssemblies (0ms)
				RefreshPlugins (1ms)
				BeforeProcessingInitializeOnLoad (52ms)
				ProcessInitializeOnLoadAttributes (233ms)
				ProcessInitializeOnLoadMethodAttributes (27ms)
				AfterProcessingInitializeOnLoad (5ms)
				EditorAssembliesLoaded (0ms)
			ExecutionOrderSort2 (0ms)
			AwakeInstancesAfterBackupRestoration (5ms)
Platform modules already initialized, skipping
Refreshing native plugins compatible for Editor in 1.70 ms, found 3 plugins.
Preloading 0 native plugins for Editor in 0.00 ms.
Unloading 4095 Unused Serialized files (Serialized files now loaded: 0)
Unloading 20 unused Assets / (78.1 KB). Loaded Objects now: 4650.
Memory consumption went from 164.2 MB to 164.2 MB.
Total: 2.810000 ms (FindLiveObjects: 0.297800 ms CreateObjectMapping: 0.118900 ms MarkObjects: 2.309900 ms  DeleteObjects: 0.082400 ms)

AssetImportParameters requested are different than current active one (requested -> active):
  custom:video-decoder-ogg-theora: a1e56fd34408186e4bbccfd4996cb3dc -> 
  custom:container-muxer-webm: aa71ff27fc2769a1b78a27578f13a17b -> 
  custom:container-demuxer-webm: 4f35f7cbe854078d1ac9338744f61a02 -> 
  custom:video-encoder-webm-vp8: eb34c28f22e8b96e1ab97ce403110664 -> 
  custom:video-codec-MediaFoundation-h265: 746d11721c4dcdbdad8f713fa42b33f4 -> 
  custom:audio-encoder-webm-vorbis: bf7c407c2cedff20999df2af8eb42d56 -> 
  custom:framework-win-MediaFoundation: 216162199b28c13a410421893ffa2e32 -> 
  custom:container-demuxer-ogg: 62fdf1f143b41e24485cea50d1cbac27 -> 
  custom:video-decoder-webm-vp8: 9c59270c3fd7afecdb556c50c9e8de78 -> 
  custom:audio-decoder-ogg-vorbis: bf7c407c2cedff20999df2af8eb42d56 -> 
========================================================================
Received Prepare
Registering precompiled user dll's ...
Registered in 0.003084 seconds.
Begin MonoManager ReloadAssembly
Symbol file LoadedFromMemory doesn't match image C:\Users\noran\DATEUP1\Library\PackageCache\com.unity.visualscripting@1.7.8\Editor\VisualScripting.Core\Dependencies\YamlDotNet\Unity.VisualScripting.YamlDotNet.dll
Symbol file LoadedFromMemory doesn't match image C:\Users\noran\DATEUP1\Library\PackageCache\com.unity.visualscripting@1.7.8\Editor\VisualScripting.Core\Dependencies\DotNetZip\Unity.VisualScripting.IonicZip.dll
Native extension for WindowsStandalone target not found
Native extension for Android target not found
Refreshing native plugins compatible for Editor in 0.70 ms, found 3 plugins.
Preloading 0 native plugins for Editor in 0.00 ms.
Mono: successfully reloaded assembly
- Completed reload, in  0.866 seconds
Domain Reload Profiling:
	ReloadAssembly (866ms)
		BeginReloadAssembly (107ms)
			ExecutionOrderSort (0ms)
			DisableScriptedObjects (4ms)
			BackupInstance (0ms)
			ReleaseScriptingObjects (0ms)
			CreateAndSetChildDomain (32ms)
		EndReloadAssembly (688ms)
			LoadAssemblies (64ms)
			RebuildTransferFunctionScriptingTraits (0ms)
			SetupTypeCache (220ms)
			ReleaseScriptCaches (2ms)
			RebuildScriptCaches (37ms)
			SetupLoadedEditorAssemblies (327ms)
				LogAssemblyErrors (0ms)
				InitializePlatformSupportModulesInManaged (16ms)
				SetLoadedEditorAssemblies (0ms)
				RefreshPlugins (1ms)
				BeforeProcessingInitializeOnLoad (51ms)
				ProcessInitializeOnLoadAttributes (228ms)
				ProcessInitializeOnLoadMethodAttributes (26ms)
				AfterProcessingInitializeOnLoad (5ms)
				EditorAssembliesLoaded (0ms)
			ExecutionOrderSort2 (0ms)
			AwakeInstancesAfterBackupRestoration (5ms)
Platform modules already initialized, skipping
Refreshing native plugins compatible for Editor in 2.08 ms, found 3 plugins.
Preloading 0 native plugins for Editor in 0.00 ms.
Unloading 4095 Unused Serialized files (Serialized files now loaded: 0)
Unloading 20 unused Assets / (70.4 KB). Loaded Objects now: 4653.
Memory consumption went from 164.3 MB to 164.2 MB.
Total: 3.035300 ms (FindLiveObjects: 0.363200 ms CreateObjectMapping: 0.229700 ms MarkObjects: 2.361600 ms  DeleteObjects: 0.079600 ms)

AssetImportParameters requested are different than current active one (requested -> active):
  custom:video-decoder-ogg-theora: a1e56fd34408186e4bbccfd4996cb3dc -> 
  custom:container-muxer-webm: aa71ff27fc2769a1b78a27578f13a17b -> 
  custom:container-demuxer-webm: 4f35f7cbe854078d1ac9338744f61a02 -> 
  custom:video-encoder-webm-vp8: eb34c28f22e8b96e1ab97ce403110664 -> 
  custom:video-codec-MediaFoundation-h265: 746d11721c4dcdbdad8f713fa42b33f4 -> 
  custom:audio-encoder-webm-vorbis: bf7c407c2cedff20999df2af8eb42d56 -> 
  custom:framework-win-MediaFoundation: 216162199b28c13a410421893ffa2e32 -> 
  custom:container-demuxer-ogg: 62fdf1f143b41e24485cea50d1cbac27 -> 
  custom:video-decoder-webm-vp8: 9c59270c3fd7afecdb556c50c9e8de78 -> 
  custom:audio-decoder-ogg-vorbis: bf7c407c2cedff20999df2af8eb42d56 -> 
========================================================================
Received Import Request.
  Time since last request: 182.659973 seconds.
  path: Assets/PreHub/Enemy/purpleEnemy.prefab
  artifactKey: Guid(518b2f56fb5795b46808e9c2760d2208) Importer(815301076,1909f56bfc062723c751e8b465ee728b)
Start importing Assets/PreHub/Enemy/purpleEnemy.prefab using Guid(518b2f56fb5795b46808e9c2760d2208) Importer(815301076,1909f56bfc062723c751e8b465ee728b)  -> (artifact id: '6147e7013c64186bc18cfa54ad9a3791') in 0.071354 seconds 
========================================================================
Received Import Request.
  Time since last request: 25.832057 seconds.
  path: Assets/PreHub/Enemy/blueEnemy.prefab
  artifactKey: Guid(510b5a66de694444d87684988c43baa3) Importer(815301076,1909f56bfc062723c751e8b465ee728b)
Start importing Assets/PreHub/Enemy/blueEnemy.prefab using Guid(510b5a66de694444d87684988c43baa3) Importer(815301076,1909f56bfc062723c751e8b465ee728b)  -> (artifact id: '55ed2d9d9518d8ae249bdfeae68d726a') in 0.028021 seconds 
========================================================================
Received Import Request.
  Time since last request: 0.000022 seconds.
  path: Assets/PreHub/Enemy/lightBleuEnemy.prefab
  artifactKey: Guid(ed9c5f2051638994db2c13e948a7b80a) Importer(815301076,1909f56bfc062723c751e8b465ee728b)
Start importing Assets/PreHub/Enemy/lightBleuEnemy.prefab using Guid(ed9c5f2051638994db2c13e948a7b80a) Importer(815301076,1909f56bfc062723c751e8b465ee728b)  -> (artifact id: '09cbc337c0fe9c80d83ccd00deca328f') in 0.035800 seconds 
========================================================================
Received Import Request.
  Time since last request: 0.000026 seconds.
  path: Assets/PreHub/Enemy/YellowEnemy.prefab
  artifactKey: Guid(03e19dc591f28fb45bc65ded12b40dd8) Importer(815301076,1909f56bfc062723c751e8b465ee728b)
Start importing Assets/PreHub/Enemy/YellowEnemy.prefab using Guid(03e19dc591f28fb45bc65ded12b40dd8) Importer(815301076,1909f56bfc062723c751e8b465ee728b)  -> (artifact id: '9ceaf3b1062ed5768719e82aae2f1c4c') in 0.025257 seconds 
========================================================================
Received Import Request.
  Time since last request: 0.000025 seconds.
  path: Assets/PreHub/Enemy/RedEnemy.prefab
  artifactKey: Guid(5d0c625d99e540b45a95fcedc2abfd66) Importer(815301076,1909f56bfc062723c751e8b465ee728b)
Start importing Assets/PreHub/Enemy/RedEnemy.prefab using Guid(5d0c625d99e540b45a95fcedc2abfd66) Importer(815301076,1909f56bfc062723c751e8b465ee728b)  -> (artifact id: '09fe77c578c202e3cd7084cb5c4c1c19') in 0.032492 seconds 
========================================================================
Received Prepare
Registering precompiled user dll's ...
Registered in 0.003733 seconds.
Begin MonoManager ReloadAssembly
Symbol file LoadedFromMemory doesn't match image C:\Users\noran\DATEUP1\Library\PackageCache\com.unity.visualscripting@1.7.8\Editor\VisualScripting.Core\Dependencies\YamlDotNet\Unity.VisualScripting.YamlDotNet.dll
Symbol file LoadedFromMemory doesn't match image C:\Users\noran\DATEUP1\Library\PackageCache\com.unity.visualscripting@1.7.8\Editor\VisualScripting.Core\Dependencies\DotNetZip\Unity.VisualScripting.IonicZip.dll
Native extension for WindowsStandalone target not found
Native extension for Android target not found
Refreshing native plugins compatible for Editor in 0.75 ms, found 3 plugins.
Preloading 0 native plugins for Editor in 0.00 ms.
Mono: successfully reloaded assembly
- Completed reload, in  0.950 seconds
Domain Reload Profiling:
	ReloadAssembly (950ms)
		BeginReloadAssembly (127ms)
			ExecutionOrderSort (0ms)
			DisableScriptedObjects (3ms)
			BackupInstance (0ms)
			ReleaseScriptingObjects (0ms)
			CreateAndSetChildDomain (38ms)
		EndReloadAssembly (743ms)
			LoadAssemblies (78ms)
			RebuildTransferFunctionScriptingTraits (0ms)
			SetupTypeCache (255ms)
			ReleaseScriptCaches (2ms)
			RebuildScriptCaches (35ms)
			SetupLoadedEditorAssemblies (344ms)
				LogAssemblyErrors (0ms)
				InitializePlatformSupportModulesInManaged (17ms)
				SetLoadedEditorAssemblies (0ms)
				RefreshPlugins (1ms)
				BeforeProcessingInitializeOnLoad (60ms)
				ProcessInitializeOnLoadAttributes (236ms)
				ProcessInitializeOnLoadMethodAttributes (25ms)
				AfterProcessingInitializeOnLoad (4ms)
				EditorAssembliesLoaded (0ms)
			ExecutionOrderSort2 (0ms)
			AwakeInstancesAfterBackupRestoration (5ms)
Platform modules already initialized, skipping
Refreshing native plugins compatible for Editor in 2.08 ms, found 3 plugins.
Preloading 0 native plugins for Editor in 0.00 ms.
Unloading 4095 Unused Serialized files (Serialized files now loaded: 0)
Unloading 20 unused Assets / (78.1 KB). Loaded Objects now: 4656.
Memory consumption went from 164.3 MB to 164.2 MB.
Total: 2.932400 ms (FindLiveObjects: 0.274000 ms CreateObjectMapping: 0.129400 ms MarkObjects: 2.436600 ms  DeleteObjects: 0.091400 ms)

AssetImportParameters requested are different than current active one (requested -> active):
  custom:video-decoder-ogg-theora: a1e56fd34408186e4bbccfd4996cb3dc -> 
  custom:container-muxer-webm: aa71ff27fc2769a1b78a27578f13a17b -> 
  custom:container-demuxer-webm: 4f35f7cbe854078d1ac9338744f61a02 -> 
  custom:video-encoder-webm-vp8: eb34c28f22e8b96e1ab97ce403110664 -> 
  custom:video-codec-MediaFoundation-h265: 746d11721c4dcdbdad8f713fa42b33f4 -> 
  custom:audio-encoder-webm-vorbis: bf7c407c2cedff20999df2af8eb42d56 -> 
  custom:framework-win-MediaFoundation: 216162199b28c13a410421893ffa2e32 -> 
  custom:container-demuxer-ogg: 62fdf1f143b41e24485cea50d1cbac27 -> 
  custom:video-decoder-webm-vp8: 9c59270c3fd7afecdb556c50c9e8de78 -> 
  custom:audio-decoder-ogg-vorbis: bf7c407c2cedff20999df2af8eb42d56 -> 
Editor requested this worker to shutdown with reason: Scaling down because of idle timeout
AssetImportWorker is now disconnected from the server
Process exiting
Exiting without the bug reporter. Application will terminate with return code 0