Using pre-set license
Built from '2021.3/staging' branch; Version is '2021.3.11f1 (0a5ca18544bf) revision 679073'; Using compiler version '192829333'; Build Type 'Release'
OS: 'Windows 11  (10.0.22621) 64bit Core' Language: 'ja' Physical Memory: 16085 MB
BatchMode: 1, IsHumanControllingUs: 0, StartBugReporterOnCrash: 0, Is64bit: 1, IsPro: 1

COMMAND LINE ARGUMENTS:
C:\Program Files\Unity\Hub\Editor\2021.3.11f1\Editor\Unity.exe
-adb2
-batchMode
-noUpm
-name
AssetImportWorker10
-projectPath
C:/Users/noran/DATEUP1
-logFile
Logs/AssetImportWorker10.log
-srvPort
56494
Successfully changed project path to: C:/Users/noran/DATEUP1
C:/Users/noran/DATEUP1
[UnityMemory] Configuration Parameters - Can be set up in boot.config
    "memorysetup-bucket-allocator-granularity=16"
    "memorysetup-bucket-allocator-bucket-count=8"
    "memorysetup-bucket-allocator-block-size=33554432"
    "memorysetup-bucket-allocator-block-count=8"
    "memorysetup-main-allocator-block-size=16777216"
    "memorysetup-thread-allocator-block-size=16777216"
    "memorysetup-gfx-main-allocator-block-size=16777216"
    "memorysetup-gfx-thread-allocator-block-size=16777216"
    "memorysetup-cache-allocator-block-size=4194304"
    "memorysetup-typetree-allocator-block-size=2097152"
    "memorysetup-profiler-bucket-allocator-granularity=16"
    "memorysetup-profiler-bucket-allocator-bucket-count=8"
    "memorysetup-profiler-bucket-allocator-block-size=33554432"
    "memorysetup-profiler-bucket-allocator-block-count=8"
    "memorysetup-profiler-allocator-block-size=16777216"
    "memorysetup-profiler-editor-allocator-block-size=1048576"
    "memorysetup-temp-allocator-size-main=16777216"
    "memorysetup-job-temp-allocator-block-size=2097152"
    "memorysetup-job-temp-allocator-block-size-background=1048576"
    "memorysetup-job-temp-allocator-reduction-small-platforms=262144"
    "memorysetup-temp-allocator-size-background-worker=32768"
    "memorysetup-temp-allocator-size-job-worker=262144"
    "memorysetup-temp-allocator-size-preload-manager=33554432"
    "memorysetup-temp-allocator-size-nav-mesh-worker=65536"
    "memorysetup-temp-allocator-size-audio-worker=65536"
    "memorysetup-temp-allocator-size-cloud-worker=32768"
    "memorysetup-temp-allocator-size-gi-baking-worker=262144"
    "memorysetup-temp-allocator-size-gfx=262144"
Refreshing native plugins compatible for Editor in 75.39 ms, found 3 plugins.
Preloading 0 native plugins for Editor in 0.00 ms.
Initialize engine version: 2021.3.11f1 (0a5ca18544bf)
[Subsystems] Discovering subsystems at path C:/Program Files/Unity/Hub/Editor/2021.3.11f1/Editor/Data/Resources/UnitySubsystems
[Subsystems] Discovering subsystems at path C:/Users/noran/DATEUP1/Assets
GfxDevice: creating device client; threaded=0; jobified=0
Direct3D:
    Version:  Direct3D 11.0 [level 11.1]
    Renderer: NVIDIA GeForce RTX 3060 Laptop GPU (ID=0x2520)
    Vendor:   NVIDIA
    VRAM:     6023 MB
    Driver:   30.0.15.1165
Initialize mono
Mono path[0] = 'C:/Program Files/Unity/Hub/Editor/2021.3.11f1/Editor/Data/Managed'
Mono path[1] = 'C:/Program Files/Unity/Hub/Editor/2021.3.11f1/Editor/Data/MonoBleedingEdge/lib/mono/unityjit-win32'
Mono config path = 'C:/Program Files/Unity/Hub/Editor/2021.3.11f1/Editor/Data/MonoBleedingEdge/etc'
Using monoOptions --debugger-agent=transport=dt_socket,embedding=1,server=y,suspend=n,address=127.0.0.1:56204
Begin MonoManager ReloadAssembly
Registering precompiled unity dll's ...
Register platform support module: C:/Program Files/Unity/Hub/Editor/2021.3.11f1/Editor/Data/PlaybackEngines/AndroidPlayer/UnityEditor.Android.Extensions.dll
Register platform support module: C:/Program Files/Unity/Hub/Editor/2021.3.11f1/Editor/Data/PlaybackEngines/WindowsStandaloneSupport/UnityEditor.WindowsStandalone.Extensions.dll
Registered in 0.004497 seconds.
Native extension for WindowsStandalone target not found
Native extension for Android target not found
Refreshing native plugins compatible for Editor in 67.86 ms, found 3 plugins.
Preloading 0 native plugins for Editor in 0.00 ms.
Mono: successfully reloaded assembly
- Completed reload, in  0.547 seconds
Domain Reload Profiling:
	ReloadAssembly (548ms)
		BeginReloadAssembly (53ms)
			ExecutionOrderSort (0ms)
			DisableScriptedObjects (0ms)
			BackupInstance (0ms)
			ReleaseScriptingObjects (0ms)
			CreateAndSetChildDomain (1ms)
		EndReloadAssembly (404ms)
			LoadAssemblies (52ms)
			RebuildTransferFunctionScriptingTraits (0ms)
			SetupTypeCache (103ms)
			ReleaseScriptCaches (0ms)
			RebuildScriptCaches (25ms)
			SetupLoadedEditorAssemblies (233ms)
				LogAssemblyErrors (0ms)
				InitializePlatformSupportModulesInManaged (44ms)
				SetLoadedEditorAssemblies (0ms)
				RefreshPlugins (68ms)
				BeforeProcessingInitializeOnLoad (1ms)
				ProcessInitializeOnLoadAttributes (86ms)
				ProcessInitializeOnLoadMethodAttributes (34ms)
				AfterProcessingInitializeOnLoad (0ms)
				EditorAssembliesLoaded (0ms)
			ExecutionOrderSort2 (0ms)
			AwakeInstancesAfterBackupRestoration (0ms)
Platform modules already initialized, skipping
Registering precompiled user dll's ...
Registered in 0.003281 seconds.
Begin MonoManager ReloadAssembly
Symbol file LoadedFromMemory doesn't match image C:\Users\noran\DATEUP1\Library\PackageCache\com.unity.visualscripting@1.7.8\Editor\VisualScripting.Core\Dependencies\YamlDotNet\Unity.VisualScripting.YamlDotNet.dll
Symbol file LoadedFromMemory doesn't match image C:\Users\noran\DATEUP1\Library\PackageCache\com.unity.visualscripting@1.7.8\Editor\VisualScripting.Core\Dependencies\DotNetZip\Unity.VisualScripting.IonicZip.dll
Native extension for WindowsStandalone target not found
Native extension for Android target not found
Refreshing native plugins compatible for Editor in 65.96 ms, found 3 plugins.
Preloading 0 native plugins for Editor in 0.00 ms.
Mono: successfully reloaded assembly
- Completed reload, in  1.048 seconds
Domain Reload Profiling:
	ReloadAssembly (1049ms)
		BeginReloadAssembly (204ms)
			ExecutionOrderSort (0ms)
			DisableScriptedObjects (5ms)
			BackupInstance (0ms)
			ReleaseScriptingObjects (0ms)
			CreateAndSetChildDomain (141ms)
		EndReloadAssembly (758ms)
			LoadAssemblies (56ms)
			RebuildTransferFunctionScriptingTraits (0ms)
			SetupTypeCache (226ms)
			ReleaseScriptCaches (1ms)
			RebuildScriptCaches (46ms)
			SetupLoadedEditorAssemblies (390ms)
				LogAssemblyErrors (0ms)
				InitializePlatformSupportModulesInManaged (10ms)
				SetLoadedEditorAssemblies (0ms)
				RefreshPlugins (66ms)
				BeforeProcessingInitializeOnLoad (67ms)
				ProcessInitializeOnLoadAttributes (225ms)
				ProcessInitializeOnLoadMethodAttributes (19ms)
				AfterProcessingInitializeOnLoad (4ms)
				EditorAssembliesLoaded (0ms)
			ExecutionOrderSort2 (0ms)
			AwakeInstancesAfterBackupRestoration (4ms)
Platform modules already initialized, skipping
========================================================================
Worker process is ready to serve import requests
Launched and connected shader compiler UnityShaderCompiler.exe after 0.03 seconds
Refreshing native plugins compatible for Editor in 0.55 ms, found 3 plugins.
Preloading 0 native plugins for Editor in 0.00 ms.
Unloading 3734 Unused Serialized files (Serialized files now loaded: 0)
Unloading 28 unused Assets / (56.3 KB). Loaded Objects now: 4200.
Memory consumption went from 133.2 MB to 133.1 MB.
Total: 3.090300 ms (FindLiveObjects: 0.269000 ms CreateObjectMapping: 0.113600 ms MarkObjects: 2.616400 ms  DeleteObjects: 0.090100 ms)

AssetImportParameters requested are different than current active one (requested -> active):
  custom:video-decoder-ogg-theora: a1e56fd34408186e4bbccfd4996cb3dc -> 
  custom:container-muxer-webm: aa71ff27fc2769a1b78a27578f13a17b -> 
  custom:container-demuxer-webm: 4f35f7cbe854078d1ac9338744f61a02 -> 
  custom:video-encoder-webm-vp8: eb34c28f22e8b96e1ab97ce403110664 -> 
  custom:video-codec-MediaFoundation-h265: 746d11721c4dcdbdad8f713fa42b33f4 -> 
  custom:audio-encoder-webm-vorbis: bf7c407c2cedff20999df2af8eb42d56 -> 
  custom:framework-win-MediaFoundation: 216162199b28c13a410421893ffa2e32 -> 
  custom:container-demuxer-ogg: 62fdf1f143b41e24485cea50d1cbac27 -> 
  custom:video-decoder-webm-vp8: 9c59270c3fd7afecdb556c50c9e8de78 -> 
  custom:audio-decoder-ogg-vorbis: bf7c407c2cedff20999df2af8eb42d56 -> 
========================================================================
Received Import Request.
  Time since last request: 430484.260490 seconds.
  path: Assets/PreHub/Enemy/EnemyG.prefab
  artifactKey: Guid(c923fa90e04638842a73a1ef269af34a) Importer(815301076,1909f56bfc062723c751e8b465ee728b)
Start importing Assets/PreHub/Enemy/EnemyG.prefab using Guid(c923fa90e04638842a73a1ef269af34a) Importer(815301076,1909f56bfc062723c751e8b465ee728b)  -> (artifact id: '6a4124c0d5cf2d1df6b4bd83b4392ed6') in 0.121299 seconds 
========================================================================
Received Import Request.
  Time since last request: 49.773854 seconds.
  path: Assets/PreHub/Enemy/EnemyG.prefab
  artifactKey: Guid(c923fa90e04638842a73a1ef269af34a) Importer(815301076,1909f56bfc062723c751e8b465ee728b)
Start importing Assets/PreHub/Enemy/EnemyG.prefab using Guid(c923fa90e04638842a73a1ef269af34a) Importer(815301076,1909f56bfc062723c751e8b465ee728b)  -> (artifact id: '4571b141d012cda6cddd0d58e90a9c27') in 0.022124 seconds 
========================================================================
Received Import Request.
  Time since last request: 0.000023 seconds.
  path: Assets/PreHub/Enemy/EnemyW.prefab
  artifactKey: Guid(efde03e763fb6fb4dafe30d13412961f) Importer(815301076,1909f56bfc062723c751e8b465ee728b)
Start importing Assets/PreHub/Enemy/EnemyW.prefab using Guid(efde03e763fb6fb4dafe30d13412961f) Importer(815301076,1909f56bfc062723c751e8b465ee728b)  -> (artifact id: 'a2842a05f75413c4562dfa9270553aa0') in 0.023843 seconds 
========================================================================
Received Import Request.
  Time since last request: 0.000025 seconds.
  path: Assets/PreHub/Enemy/EnemyW3G.prefab
  artifactKey: Guid(ea1dc24207b6a3344a9c534acb7d6d25) Importer(815301076,1909f56bfc062723c751e8b465ee728b)
Start importing Assets/PreHub/Enemy/EnemyW3G.prefab using Guid(ea1dc24207b6a3344a9c534acb7d6d25) Importer(815301076,1909f56bfc062723c751e8b465ee728b)  -> (artifact id: 'e6c872821036c70749b7189abb095cc2') in 0.016898 seconds 
========================================================================
Received Import Request.
  Time since last request: 32.827740 seconds.
  path: Assets/PreHub/Enemy/EnemyG.prefab
  artifactKey: Guid(c923fa90e04638842a73a1ef269af34a) Importer(815301076,1909f56bfc062723c751e8b465ee728b)
Start importing Assets/PreHub/Enemy/EnemyG.prefab using Guid(c923fa90e04638842a73a1ef269af34a) Importer(815301076,1909f56bfc062723c751e8b465ee728b)  -> (artifact id: '19a9e15b953ca779ae57653a56c04895') in 0.024252 seconds 
========================================================================
Received Import Request.
  Time since last request: 0.000021 seconds.
  path: Assets/PreHub/Enemy/EnemyW.prefab
  artifactKey: Guid(efde03e763fb6fb4dafe30d13412961f) Importer(815301076,1909f56bfc062723c751e8b465ee728b)
Start importing Assets/PreHub/Enemy/EnemyW.prefab using Guid(efde03e763fb6fb4dafe30d13412961f) Importer(815301076,1909f56bfc062723c751e8b465ee728b)  -> (artifact id: '19b2d9312624cbb1160455f3c807fd94') in 0.021751 seconds 
========================================================================
Received Import Request.
  Time since last request: 0.000027 seconds.
  path: Assets/PreHub/Enemy/EnemyW3G.prefab
  artifactKey: Guid(ea1dc24207b6a3344a9c534acb7d6d25) Importer(815301076,1909f56bfc062723c751e8b465ee728b)
Start importing Assets/PreHub/Enemy/EnemyW3G.prefab using Guid(ea1dc24207b6a3344a9c534acb7d6d25) Importer(815301076,1909f56bfc062723c751e8b465ee728b)  -> (artifact id: '3bc80c6828f01694a25ad37d281af6ac') in 0.019302 seconds 
========================================================================
Received Import Request.
  Time since last request: 64.869958 seconds.
  path: Assets/PreHub/Enemy/EnemyG.prefab
  artifactKey: Guid(c923fa90e04638842a73a1ef269af34a) Importer(815301076,1909f56bfc062723c751e8b465ee728b)
Start importing Assets/PreHub/Enemy/EnemyG.prefab using Guid(c923fa90e04638842a73a1ef269af34a) Importer(815301076,1909f56bfc062723c751e8b465ee728b)  -> (artifact id: '19b3bd19e59f7c29585190bfe8d40714') in 0.019188 seconds 
========================================================================
Received Import Request.
  Time since last request: 0.000023 seconds.
  path: Assets/PreHub/Enemy/EnemyR.prefab
  artifactKey: Guid(39d7d06d5e4c880429b91091c1dab380) Importer(815301076,1909f56bfc062723c751e8b465ee728b)
Start importing Assets/PreHub/Enemy/EnemyR.prefab using Guid(39d7d06d5e4c880429b91091c1dab380) Importer(815301076,1909f56bfc062723c751e8b465ee728b)  -> (artifact id: 'ee2e6a84ec254b21b3bd87e2dd913e8d') in 0.016993 seconds 
========================================================================
Received Import Request.
  Time since last request: 0.000035 seconds.
  path: Assets/PreHub/Enemy/EnemyY.prefab
  artifactKey: Guid(1a7af489ada689d40be7e44f87ed3051) Importer(815301076,1909f56bfc062723c751e8b465ee728b)
Start importing Assets/PreHub/Enemy/EnemyY.prefab using Guid(1a7af489ada689d40be7e44f87ed3051) Importer(815301076,1909f56bfc062723c751e8b465ee728b)  -> (artifact id: '74ed41d74c882f9d277896f4544e86f5') in 0.017557 seconds 
========================================================================
Received Import Request.
  Time since last request: 0.000026 seconds.
  path: Assets/PreHub/Enemy/EnemyW3B.prefab
  artifactKey: Guid(09ac126f8bd84fe48bace923dde6da5d) Importer(815301076,1909f56bfc062723c751e8b465ee728b)
Start importing Assets/PreHub/Enemy/EnemyW3B.prefab using Guid(09ac126f8bd84fe48bace923dde6da5d) Importer(815301076,1909f56bfc062723c751e8b465ee728b)  -> (artifact id: '32ed0471ee8c819f5a6fd3ac9e167e99') in 0.018139 seconds 
========================================================================
Received Import Request.
  Time since last request: 0.000025 seconds.
  path: Assets/PreHub/Enemy/EnemyW3G.prefab
  artifactKey: Guid(ea1dc24207b6a3344a9c534acb7d6d25) Importer(815301076,1909f56bfc062723c751e8b465ee728b)
Start importing Assets/PreHub/Enemy/EnemyW3G.prefab using Guid(ea1dc24207b6a3344a9c534acb7d6d25) Importer(815301076,1909f56bfc062723c751e8b465ee728b)  -> (artifact id: 'fe263bf90ec1dc1b397b95598837ada4') in 0.020249 seconds 
========================================================================
Received Import Request.
  Time since last request: 53.381534 seconds.
  path: Assets/PreHub/Enemy/EnemyL.prefab
  artifactKey: Guid(8c70aa00955e5d441b1d26ae7212df10) Importer(815301076,1909f56bfc062723c751e8b465ee728b)
Start importing Assets/PreHub/Enemy/EnemyL.prefab using Guid(8c70aa00955e5d441b1d26ae7212df10) Importer(815301076,1909f56bfc062723c751e8b465ee728b)  -> (artifact id: '4d7a291a5b0890898a8eb8e05d2101bc') in 0.021203 seconds 
========================================================================
Received Import Request.
  Time since last request: 0.000025 seconds.
  path: Assets/PreHub/Enemy/EnemyR.prefab
  artifactKey: Guid(39d7d06d5e4c880429b91091c1dab380) Importer(815301076,1909f56bfc062723c751e8b465ee728b)
Start importing Assets/PreHub/Enemy/EnemyR.prefab using Guid(39d7d06d5e4c880429b91091c1dab380) Importer(815301076,1909f56bfc062723c751e8b465ee728b)  -> (artifact id: '3bc0ac6ce36d6d131893e6963937c396') in 0.019624 seconds 
========================================================================
Received Import Request.
  Time since last request: 0.000017 seconds.
  path: Assets/PreHub/Enemy/EnemyW3B.prefab
  artifactKey: Guid(09ac126f8bd84fe48bace923dde6da5d) Importer(815301076,1909f56bfc062723c751e8b465ee728b)
Start importing Assets/PreHub/Enemy/EnemyW3B.prefab using Guid(09ac126f8bd84fe48bace923dde6da5d) Importer(815301076,1909f56bfc062723c751e8b465ee728b)  -> (artifact id: 'e1a8b40d54f40b72dc1fa991a86362ee') in 0.012899 seconds 
========================================================================
Received Import Request.
  Time since last request: 0.000019 seconds.
  path: Assets/PreHub/Enemy/EnemyW3G.prefab
  artifactKey: Guid(ea1dc24207b6a3344a9c534acb7d6d25) Importer(815301076,1909f56bfc062723c751e8b465ee728b)
Start importing Assets/PreHub/Enemy/EnemyW3G.prefab using Guid(ea1dc24207b6a3344a9c534acb7d6d25) Importer(815301076,1909f56bfc062723c751e8b465ee728b)  -> (artifact id: '5f4fbc86bfd5be4454d527f80ac5f102') in 0.014227 seconds 
Editor requested this worker to shutdown with reason: Scaling down because of idle timeout
AssetImportWorker is now disconnected from the server
Process exiting
Exiting without the bug reporter. Application will terminate with return code 0