Using pre-set license
Built from '2021.3/staging' branch; Version is '2021.3.11f1 (0a5ca18544bf) revision 679073'; Using compiler version '192829333'; Build Type 'Release'
OS: 'Windows 11  (10.0.22621) 64bit Core' Language: 'ja' Physical Memory: 16085 MB
BatchMode: 1, IsHumanControllingUs: 0, StartBugReporterOnCrash: 0, Is64bit: 1, IsPro: 1

COMMAND LINE ARGUMENTS:
C:\Program Files\Unity\Hub\Editor\2021.3.11f1\Editor\Unity.exe
-adb2
-batchMode
-noUpm
-name
AssetImportWorker12
-projectPath
C:/Users/noran/DATEUP1
-logFile
Logs/AssetImportWorker12.log
-srvPort
56494
Successfully changed project path to: C:/Users/noran/DATEUP1
C:/Users/noran/DATEUP1
[UnityMemory] Configuration Parameters - Can be set up in boot.config
    "memorysetup-bucket-allocator-granularity=16"
    "memorysetup-bucket-allocator-bucket-count=8"
    "memorysetup-bucket-allocator-block-size=33554432"
    "memorysetup-bucket-allocator-block-count=8"
    "memorysetup-main-allocator-block-size=16777216"
    "memorysetup-thread-allocator-block-size=16777216"
    "memorysetup-gfx-main-allocator-block-size=16777216"
    "memorysetup-gfx-thread-allocator-block-size=16777216"
    "memorysetup-cache-allocator-block-size=4194304"
    "memorysetup-typetree-allocator-block-size=2097152"
    "memorysetup-profiler-bucket-allocator-granularity=16"
    "memorysetup-profiler-bucket-allocator-bucket-count=8"
    "memorysetup-profiler-bucket-allocator-block-size=33554432"
    "memorysetup-profiler-bucket-allocator-block-count=8"
    "memorysetup-profiler-allocator-block-size=16777216"
    "memorysetup-profiler-editor-allocator-block-size=1048576"
    "memorysetup-temp-allocator-size-main=16777216"
    "memorysetup-job-temp-allocator-block-size=2097152"
    "memorysetup-job-temp-allocator-block-size-background=1048576"
    "memorysetup-job-temp-allocator-reduction-small-platforms=262144"
    "memorysetup-temp-allocator-size-background-worker=32768"
    "memorysetup-temp-allocator-size-job-worker=262144"
    "memorysetup-temp-allocator-size-preload-manager=33554432"
    "memorysetup-temp-allocator-size-nav-mesh-worker=65536"
    "memorysetup-temp-allocator-size-audio-worker=65536"
    "memorysetup-temp-allocator-size-cloud-worker=32768"
    "memorysetup-temp-allocator-size-gi-baking-worker=262144"
    "memorysetup-temp-allocator-size-gfx=262144"
Refreshing native plugins compatible for Editor in 61.40 ms, found 3 plugins.
Preloading 0 native plugins for Editor in 0.00 ms.
Initialize engine version: 2021.3.11f1 (0a5ca18544bf)
[Subsystems] Discovering subsystems at path C:/Program Files/Unity/Hub/Editor/2021.3.11f1/Editor/Data/Resources/UnitySubsystems
[Subsystems] Discovering subsystems at path C:/Users/noran/DATEUP1/Assets
GfxDevice: creating device client; threaded=0; jobified=0
Direct3D:
    Version:  Direct3D 11.0 [level 11.1]
    Renderer: NVIDIA GeForce RTX 3060 Laptop GPU (ID=0x2520)
    Vendor:   NVIDIA
    VRAM:     6023 MB
    Driver:   30.0.15.1165
Initialize mono
Mono path[0] = 'C:/Program Files/Unity/Hub/Editor/2021.3.11f1/Editor/Data/Managed'
Mono path[1] = 'C:/Program Files/Unity/Hub/Editor/2021.3.11f1/Editor/Data/MonoBleedingEdge/lib/mono/unityjit-win32'
Mono config path = 'C:/Program Files/Unity/Hub/Editor/2021.3.11f1/Editor/Data/MonoBleedingEdge/etc'
Using monoOptions --debugger-agent=transport=dt_socket,embedding=1,server=y,suspend=n,address=127.0.0.1:56408
Begin MonoManager ReloadAssembly
Registering precompiled unity dll's ...
Register platform support module: C:/Program Files/Unity/Hub/Editor/2021.3.11f1/Editor/Data/PlaybackEngines/AndroidPlayer/UnityEditor.Android.Extensions.dll
Register platform support module: C:/Program Files/Unity/Hub/Editor/2021.3.11f1/Editor/Data/PlaybackEngines/WindowsStandaloneSupport/UnityEditor.WindowsStandalone.Extensions.dll
Registered in 0.003093 seconds.
Native extension for WindowsStandalone target not found
Native extension for Android target not found
Refreshing native plugins compatible for Editor in 61.73 ms, found 3 plugins.
Preloading 0 native plugins for Editor in 0.00 ms.
Mono: successfully reloaded assembly
- Completed reload, in  0.623 seconds
Domain Reload Profiling:
	ReloadAssembly (623ms)
		BeginReloadAssembly (50ms)
			ExecutionOrderSort (0ms)
			DisableScriptedObjects (0ms)
			BackupInstance (0ms)
			ReleaseScriptingObjects (0ms)
			CreateAndSetChildDomain (1ms)
		EndReloadAssembly (498ms)
			LoadAssemblies (49ms)
			RebuildTransferFunctionScriptingTraits (0ms)
			SetupTypeCache (221ms)
			ReleaseScriptCaches (0ms)
			RebuildScriptCaches (25ms)
			SetupLoadedEditorAssemblies (214ms)
				LogAssemblyErrors (0ms)
				InitializePlatformSupportModulesInManaged (40ms)
				SetLoadedEditorAssemblies (0ms)
				RefreshPlugins (62ms)
				BeforeProcessingInitializeOnLoad (1ms)
				ProcessInitializeOnLoadAttributes (73ms)
				ProcessInitializeOnLoadMethodAttributes (38ms)
				AfterProcessingInitializeOnLoad (0ms)
				EditorAssembliesLoaded (0ms)
			ExecutionOrderSort2 (0ms)
			AwakeInstancesAfterBackupRestoration (0ms)
Platform modules already initialized, skipping
Registering precompiled user dll's ...
Registered in 0.003472 seconds.
Begin MonoManager ReloadAssembly
Symbol file LoadedFromMemory doesn't match image C:\Users\noran\DATEUP1\Library\PackageCache\com.unity.visualscripting@1.7.8\Editor\VisualScripting.Core\Dependencies\YamlDotNet\Unity.VisualScripting.YamlDotNet.dll
Symbol file LoadedFromMemory doesn't match image C:\Users\noran\DATEUP1\Library\PackageCache\com.unity.visualscripting@1.7.8\Editor\VisualScripting.Core\Dependencies\DotNetZip\Unity.VisualScripting.IonicZip.dll
Native extension for WindowsStandalone target not found
Native extension for Android target not found
Refreshing native plugins compatible for Editor in 62.12 ms, found 3 plugins.
Preloading 0 native plugins for Editor in 0.00 ms.
Mono: successfully reloaded assembly
- Completed reload, in  1.322 seconds
Domain Reload Profiling:
	ReloadAssembly (1323ms)
		BeginReloadAssembly (366ms)
			ExecutionOrderSort (0ms)
			DisableScriptedObjects (6ms)
			BackupInstance (0ms)
			ReleaseScriptingObjects (0ms)
			CreateAndSetChildDomain (128ms)
		EndReloadAssembly (873ms)
			LoadAssemblies (231ms)
			RebuildTransferFunctionScriptingTraits (0ms)
			SetupTypeCache (232ms)
			ReleaseScriptCaches (1ms)
			RebuildScriptCaches (47ms)
			SetupLoadedEditorAssemblies (490ms)
				LogAssemblyErrors (0ms)
				InitializePlatformSupportModulesInManaged (11ms)
				SetLoadedEditorAssemblies (0ms)
				RefreshPlugins (62ms)
				BeforeProcessingInitializeOnLoad (70ms)
				ProcessInitializeOnLoadAttributes (320ms)
				ProcessInitializeOnLoadMethodAttributes (22ms)
				AfterProcessingInitializeOnLoad (4ms)
				EditorAssembliesLoaded (0ms)
			ExecutionOrderSort2 (0ms)
			AwakeInstancesAfterBackupRestoration (4ms)
Platform modules already initialized, skipping
========================================================================
Worker process is ready to serve import requests
Launched and connected shader compiler UnityShaderCompiler.exe after 0.04 seconds
Refreshing native plugins compatible for Editor in 0.82 ms, found 3 plugins.
Preloading 0 native plugins for Editor in 0.00 ms.
Unloading 3734 Unused Serialized files (Serialized files now loaded: 0)
Unloading 28 unused Assets / (56.3 KB). Loaded Objects now: 4200.
Memory consumption went from 133.2 MB to 133.2 MB.
Total: 4.147600 ms (FindLiveObjects: 0.244300 ms CreateObjectMapping: 0.098800 ms MarkObjects: 3.734700 ms  DeleteObjects: 0.068600 ms)

AssetImportParameters requested are different than current active one (requested -> active):
  custom:video-decoder-ogg-theora: a1e56fd34408186e4bbccfd4996cb3dc -> 
  custom:container-muxer-webm: aa71ff27fc2769a1b78a27578f13a17b -> 
  custom:container-demuxer-webm: 4f35f7cbe854078d1ac9338744f61a02 -> 
  custom:video-encoder-webm-vp8: eb34c28f22e8b96e1ab97ce403110664 -> 
  custom:video-codec-MediaFoundation-h265: 746d11721c4dcdbdad8f713fa42b33f4 -> 
  custom:audio-encoder-webm-vorbis: bf7c407c2cedff20999df2af8eb42d56 -> 
  custom:framework-win-MediaFoundation: 216162199b28c13a410421893ffa2e32 -> 
  custom:container-demuxer-ogg: 62fdf1f143b41e24485cea50d1cbac27 -> 
  custom:video-decoder-webm-vp8: 9c59270c3fd7afecdb556c50c9e8de78 -> 
  custom:audio-decoder-ogg-vorbis: bf7c407c2cedff20999df2af8eb42d56 -> 
========================================================================
Received Import Request.
  Time since last request: 439838.325076 seconds.
  path: Assets/PreHub/Enemy/EnemyG.prefab
  artifactKey: Guid(c923fa90e04638842a73a1ef269af34a) Importer(815301076,1909f56bfc062723c751e8b465ee728b)
Start importing Assets/PreHub/Enemy/EnemyG.prefab using Guid(c923fa90e04638842a73a1ef269af34a) Importer(815301076,1909f56bfc062723c751e8b465ee728b)  -> (artifact id: '2ca4a59cbe7a29989f46f5218b97f60d') in 0.134713 seconds 
========================================================================
Received Prepare
Registering precompiled user dll's ...
Registered in 0.003083 seconds.
Begin MonoManager ReloadAssembly
Symbol file LoadedFromMemory doesn't match image C:\Users\noran\DATEUP1\Library\PackageCache\com.unity.visualscripting@1.7.8\Editor\VisualScripting.Core\Dependencies\YamlDotNet\Unity.VisualScripting.YamlDotNet.dll
Symbol file LoadedFromMemory doesn't match image C:\Users\noran\DATEUP1\Library\PackageCache\com.unity.visualscripting@1.7.8\Editor\VisualScripting.Core\Dependencies\DotNetZip\Unity.VisualScripting.IonicZip.dll
Native extension for WindowsStandalone target not found
Native extension for Android target not found
Refreshing native plugins compatible for Editor in 0.56 ms, found 3 plugins.
Preloading 0 native plugins for Editor in 0.00 ms.
Mono: successfully reloaded assembly
- Completed reload, in  1.218 seconds
Domain Reload Profiling:
	ReloadAssembly (1219ms)
		BeginReloadAssembly (155ms)
			ExecutionOrderSort (0ms)
			DisableScriptedObjects (4ms)
			BackupInstance (0ms)
			ReleaseScriptingObjects (0ms)
			CreateAndSetChildDomain (52ms)
		EndReloadAssembly (959ms)
			LoadAssemblies (92ms)
			RebuildTransferFunctionScriptingTraits (0ms)
			SetupTypeCache (314ms)
			ReleaseScriptCaches (1ms)
			RebuildScriptCaches (59ms)
			SetupLoadedEditorAssemblies (433ms)
				LogAssemblyErrors (0ms)
				InitializePlatformSupportModulesInManaged (23ms)
				SetLoadedEditorAssemblies (0ms)
				RefreshPlugins (1ms)
				BeforeProcessingInitializeOnLoad (59ms)
				ProcessInitializeOnLoadAttributes (307ms)
				ProcessInitializeOnLoadMethodAttributes (38ms)
				AfterProcessingInitializeOnLoad (5ms)
				EditorAssembliesLoaded (0ms)
			ExecutionOrderSort2 (0ms)
			AwakeInstancesAfterBackupRestoration (6ms)
Platform modules already initialized, skipping
Refreshing native plugins compatible for Editor in 1.49 ms, found 3 plugins.
Preloading 0 native plugins for Editor in 0.00 ms.
Unloading 3727 Unused Serialized files (Serialized files now loaded: 0)
Unloading 20 unused Assets / (25.4 KB). Loaded Objects now: 4212.
Memory consumption went from 137.4 MB to 137.3 MB.
Total: 2.763900 ms (FindLiveObjects: 0.221000 ms CreateObjectMapping: 0.083800 ms MarkObjects: 2.419100 ms  DeleteObjects: 0.039100 ms)

AssetImportParameters requested are different than current active one (requested -> active):
  custom:video-decoder-ogg-theora: a1e56fd34408186e4bbccfd4996cb3dc -> 
  custom:container-muxer-webm: aa71ff27fc2769a1b78a27578f13a17b -> 
  custom:container-demuxer-webm: 4f35f7cbe854078d1ac9338744f61a02 -> 
  custom:video-encoder-webm-vp8: eb34c28f22e8b96e1ab97ce403110664 -> 
  custom:video-codec-MediaFoundation-h265: 746d11721c4dcdbdad8f713fa42b33f4 -> 
  custom:audio-encoder-webm-vorbis: bf7c407c2cedff20999df2af8eb42d56 -> 
  custom:framework-win-MediaFoundation: 216162199b28c13a410421893ffa2e32 -> 
  custom:container-demuxer-ogg: 62fdf1f143b41e24485cea50d1cbac27 -> 
  custom:video-decoder-webm-vp8: 9c59270c3fd7afecdb556c50c9e8de78 -> 
  custom:audio-decoder-ogg-vorbis: bf7c407c2cedff20999df2af8eb42d56 -> 
========================================================================
Received Import Request.
  Time since last request: 42.609089 seconds.
  path: Assets/PreHub/Enemy/EnemyG.prefab
  artifactKey: Guid(c923fa90e04638842a73a1ef269af34a) Importer(815301076,1909f56bfc062723c751e8b465ee728b)
Start importing Assets/PreHub/Enemy/EnemyG.prefab using Guid(c923fa90e04638842a73a1ef269af34a) Importer(815301076,1909f56bfc062723c751e8b465ee728b)  -> (artifact id: '10dd4f64c0813e30a344f483b0a5f1ce') in 0.091441 seconds 
========================================================================
Received Import Request.
  Time since last request: 0.000021 seconds.
  path: Assets/PreHub/Enemy/EnemyL.prefab
  artifactKey: Guid(8c70aa00955e5d441b1d26ae7212df10) Importer(815301076,1909f56bfc062723c751e8b465ee728b)
Start importing Assets/PreHub/Enemy/EnemyL.prefab using Guid(8c70aa00955e5d441b1d26ae7212df10) Importer(815301076,1909f56bfc062723c751e8b465ee728b)  -> (artifact id: 'f794f47a9e67d4a710510f51af4a16e9') in 0.014592 seconds 
========================================================================
Received Import Request.
  Time since last request: 0.000020 seconds.
  path: Assets/PreHub/Enemy/EnemyW.prefab
  artifactKey: Guid(efde03e763fb6fb4dafe30d13412961f) Importer(815301076,1909f56bfc062723c751e8b465ee728b)
Start importing Assets/PreHub/Enemy/EnemyW.prefab using Guid(efde03e763fb6fb4dafe30d13412961f) Importer(815301076,1909f56bfc062723c751e8b465ee728b)  -> (artifact id: 'e509352f2b838b7dc4f46d9dc47b6d6a') in 0.014003 seconds 
========================================================================
Received Import Request.
  Time since last request: 0.000025 seconds.
  path: Assets/PreHub/Enemy/EnemyW3R.prefab
  artifactKey: Guid(4b7b5beea07fff54498d8c75dd00216a) Importer(815301076,1909f56bfc062723c751e8b465ee728b)
Start importing Assets/PreHub/Enemy/EnemyW3R.prefab using Guid(4b7b5beea07fff54498d8c75dd00216a) Importer(815301076,1909f56bfc062723c751e8b465ee728b)  -> (artifact id: 'ef14be97dee2f97f3aec162f76c0bc93') in 0.014730 seconds 
========================================================================
Received Import Request.
  Time since last request: 0.000022 seconds.
  path: Assets/PreHub/Enemy/EnemyP.prefab
  artifactKey: Guid(06780801e34c98b49a50b10b433ce69f) Importer(815301076,1909f56bfc062723c751e8b465ee728b)
Start importing Assets/PreHub/Enemy/EnemyP.prefab using Guid(06780801e34c98b49a50b10b433ce69f) Importer(815301076,1909f56bfc062723c751e8b465ee728b)  -> (artifact id: '8c9e9cd48c8e78e1106d9011f1ba0f62') in 0.013370 seconds 
========================================================================
Received Prepare
Registering precompiled user dll's ...
Registered in 0.003619 seconds.
Begin MonoManager ReloadAssembly
Symbol file LoadedFromMemory doesn't match image C:\Users\noran\DATEUP1\Library\PackageCache\com.unity.visualscripting@1.7.8\Editor\VisualScripting.Core\Dependencies\YamlDotNet\Unity.VisualScripting.YamlDotNet.dll
Symbol file LoadedFromMemory doesn't match image C:\Users\noran\DATEUP1\Library\PackageCache\com.unity.visualscripting@1.7.8\Editor\VisualScripting.Core\Dependencies\DotNetZip\Unity.VisualScripting.IonicZip.dll
Native extension for WindowsStandalone target not found
Native extension for Android target not found
Refreshing native plugins compatible for Editor in 0.66 ms, found 3 plugins.
Preloading 0 native plugins for Editor in 0.00 ms.
Mono: successfully reloaded assembly
- Completed reload, in  0.888 seconds
Domain Reload Profiling:
	ReloadAssembly (889ms)
		BeginReloadAssembly (111ms)
			ExecutionOrderSort (0ms)
			DisableScriptedObjects (3ms)
			BackupInstance (0ms)
			ReleaseScriptingObjects (0ms)
			CreateAndSetChildDomain (34ms)
		EndReloadAssembly (694ms)
			LoadAssemblies (65ms)
			RebuildTransferFunctionScriptingTraits (0ms)
			SetupTypeCache (224ms)
			ReleaseScriptCaches (1ms)
			RebuildScriptCaches (37ms)
			SetupLoadedEditorAssemblies (327ms)
				LogAssemblyErrors (0ms)
				InitializePlatformSupportModulesInManaged (19ms)
				SetLoadedEditorAssemblies (0ms)
				RefreshPlugins (1ms)
				BeforeProcessingInitializeOnLoad (55ms)
				ProcessInitializeOnLoadAttributes (224ms)
				ProcessInitializeOnLoadMethodAttributes (24ms)
				AfterProcessingInitializeOnLoad (4ms)
				EditorAssembliesLoaded (0ms)
			ExecutionOrderSort2 (0ms)
			AwakeInstancesAfterBackupRestoration (4ms)
Platform modules already initialized, skipping
Refreshing native plugins compatible for Editor in 1.38 ms, found 3 plugins.
Preloading 0 native plugins for Editor in 0.00 ms.
Unloading 3727 Unused Serialized files (Serialized files now loaded: 0)
Unloading 19 unused Assets / (24.8 KB). Loaded Objects now: 4216.
Memory consumption went from 137.4 MB to 137.4 MB.
Total: 2.895600 ms (FindLiveObjects: 0.225800 ms CreateObjectMapping: 0.095400 ms MarkObjects: 2.555700 ms  DeleteObjects: 0.017600 ms)

AssetImportParameters requested are different than current active one (requested -> active):
  custom:video-decoder-ogg-theora: a1e56fd34408186e4bbccfd4996cb3dc -> 
  custom:container-muxer-webm: aa71ff27fc2769a1b78a27578f13a17b -> 
  custom:container-demuxer-webm: 4f35f7cbe854078d1ac9338744f61a02 -> 
  custom:video-encoder-webm-vp8: eb34c28f22e8b96e1ab97ce403110664 -> 
  custom:video-codec-MediaFoundation-h265: 746d11721c4dcdbdad8f713fa42b33f4 -> 
  custom:audio-encoder-webm-vorbis: bf7c407c2cedff20999df2af8eb42d56 -> 
  custom:framework-win-MediaFoundation: 216162199b28c13a410421893ffa2e32 -> 
  custom:container-demuxer-ogg: 62fdf1f143b41e24485cea50d1cbac27 -> 
  custom:video-decoder-webm-vp8: 9c59270c3fd7afecdb556c50c9e8de78 -> 
  custom:audio-decoder-ogg-vorbis: bf7c407c2cedff20999df2af8eb42d56 -> 
========================================================================
Received Import Request.
  Time since last request: 36.446383 seconds.
  path: Assets/PreHub/Enemy/EnemyG.prefab
  artifactKey: Guid(c923fa90e04638842a73a1ef269af34a) Importer(815301076,1909f56bfc062723c751e8b465ee728b)
Start importing Assets/PreHub/Enemy/EnemyG.prefab using Guid(c923fa90e04638842a73a1ef269af34a) Importer(815301076,1909f56bfc062723c751e8b465ee728b)  -> (artifact id: '864586631956f493e5a0f9caae708da1') in 0.087516 seconds 
========================================================================
Received Import Request.
  Time since last request: 0.000027 seconds.
  path: Assets/PreHub/Enemy/EnemyW3R.prefab
  artifactKey: Guid(4b7b5beea07fff54498d8c75dd00216a) Importer(815301076,1909f56bfc062723c751e8b465ee728b)
Start importing Assets/PreHub/Enemy/EnemyW3R.prefab using Guid(4b7b5beea07fff54498d8c75dd00216a) Importer(815301076,1909f56bfc062723c751e8b465ee728b)  -> (artifact id: '6fd049b08c0714095cf6a650665c8859') in 0.015147 seconds 
========================================================================
Received Prepare
Registering precompiled user dll's ...
Registered in 0.003383 seconds.
Begin MonoManager ReloadAssembly
Symbol file LoadedFromMemory doesn't match image C:\Users\noran\DATEUP1\Library\PackageCache\com.unity.visualscripting@1.7.8\Editor\VisualScripting.Core\Dependencies\YamlDotNet\Unity.VisualScripting.YamlDotNet.dll
Symbol file LoadedFromMemory doesn't match image C:\Users\noran\DATEUP1\Library\PackageCache\com.unity.visualscripting@1.7.8\Editor\VisualScripting.Core\Dependencies\DotNetZip\Unity.VisualScripting.IonicZip.dll
Native extension for WindowsStandalone target not found
Native extension for Android target not found
Refreshing native plugins compatible for Editor in 0.62 ms, found 3 plugins.
Preloading 0 native plugins for Editor in 0.00 ms.
Mono: successfully reloaded assembly
- Completed reload, in  0.868 seconds
Domain Reload Profiling:
	ReloadAssembly (869ms)
		BeginReloadAssembly (110ms)
			ExecutionOrderSort (0ms)
			DisableScriptedObjects (4ms)
			BackupInstance (0ms)
			ReleaseScriptingObjects (0ms)
			CreateAndSetChildDomain (34ms)
		EndReloadAssembly (676ms)
			LoadAssemblies (60ms)
			RebuildTransferFunctionScriptingTraits (0ms)
			SetupTypeCache (225ms)
			ReleaseScriptCaches (1ms)
			RebuildScriptCaches (39ms)
			SetupLoadedEditorAssemblies (311ms)
				LogAssemblyErrors (0ms)
				InitializePlatformSupportModulesInManaged (19ms)
				SetLoadedEditorAssemblies (0ms)
				RefreshPlugins (1ms)
				BeforeProcessingInitializeOnLoad (59ms)
				ProcessInitializeOnLoadAttributes (205ms)
				ProcessInitializeOnLoadMethodAttributes (22ms)
				AfterProcessingInitializeOnLoad (4ms)
				EditorAssembliesLoaded (0ms)
			ExecutionOrderSort2 (0ms)
			AwakeInstancesAfterBackupRestoration (4ms)
Platform modules already initialized, skipping
Refreshing native plugins compatible for Editor in 1.51 ms, found 3 plugins.
Preloading 0 native plugins for Editor in 0.00 ms.
Unloading 3727 Unused Serialized files (Serialized files now loaded: 0)
Unloading 19 unused Assets / (24.7 KB). Loaded Objects now: 4219.
Memory consumption went from 137.4 MB to 137.4 MB.
Total: 3.153600 ms (FindLiveObjects: 0.360700 ms CreateObjectMapping: 0.216800 ms MarkObjects: 2.554200 ms  DeleteObjects: 0.020400 ms)

AssetImportParameters requested are different than current active one (requested -> active):
  custom:video-decoder-ogg-theora: a1e56fd34408186e4bbccfd4996cb3dc -> 
  custom:container-muxer-webm: aa71ff27fc2769a1b78a27578f13a17b -> 
  custom:container-demuxer-webm: 4f35f7cbe854078d1ac9338744f61a02 -> 
  custom:video-encoder-webm-vp8: eb34c28f22e8b96e1ab97ce403110664 -> 
  custom:video-codec-MediaFoundation-h265: 746d11721c4dcdbdad8f713fa42b33f4 -> 
  custom:audio-encoder-webm-vorbis: bf7c407c2cedff20999df2af8eb42d56 -> 
  custom:framework-win-MediaFoundation: 216162199b28c13a410421893ffa2e32 -> 
  custom:container-demuxer-ogg: 62fdf1f143b41e24485cea50d1cbac27 -> 
  custom:video-decoder-webm-vp8: 9c59270c3fd7afecdb556c50c9e8de78 -> 
  custom:audio-decoder-ogg-vorbis: bf7c407c2cedff20999df2af8eb42d56 -> 
========================================================================
Received Import Request.
  Time since last request: 56.821516 seconds.
  path: Assets/PreHub/Enemy/EnemyG.prefab
  artifactKey: Guid(c923fa90e04638842a73a1ef269af34a) Importer(815301076,1909f56bfc062723c751e8b465ee728b)
Start importing Assets/PreHub/Enemy/EnemyG.prefab using Guid(c923fa90e04638842a73a1ef269af34a) Importer(815301076,1909f56bfc062723c751e8b465ee728b)  -> (artifact id: '199d54f1b3a0d483b66eb97cf6023823') in 0.092135 seconds 
========================================================================
Received Import Request.
  Time since last request: 0.000021 seconds.
  path: Assets/PreHub/Enemy/EnemyY.prefab
  artifactKey: Guid(1a7af489ada689d40be7e44f87ed3051) Importer(815301076,1909f56bfc062723c751e8b465ee728b)
Start importing Assets/PreHub/Enemy/EnemyY.prefab using Guid(1a7af489ada689d40be7e44f87ed3051) Importer(815301076,1909f56bfc062723c751e8b465ee728b)  -> (artifact id: '1cb7b1e19b2868afcdd7af2db50ae0a9') in 0.016453 seconds 
========================================================================
Received Import Request.
  Time since last request: 0.000033 seconds.
  path: Assets/PreHub/Enemy/EnemyW3R.prefab
  artifactKey: Guid(4b7b5beea07fff54498d8c75dd00216a) Importer(815301076,1909f56bfc062723c751e8b465ee728b)
Start importing Assets/PreHub/Enemy/EnemyW3R.prefab using Guid(4b7b5beea07fff54498d8c75dd00216a) Importer(815301076,1909f56bfc062723c751e8b465ee728b)  -> (artifact id: 'c208dc69166426119692d0969409a9a0') in 0.015968 seconds 
========================================================================
Received Prepare
Registering precompiled user dll's ...
Registered in 0.003489 seconds.
Begin MonoManager ReloadAssembly
Symbol file LoadedFromMemory doesn't match image C:\Users\noran\DATEUP1\Library\PackageCache\com.unity.visualscripting@1.7.8\Editor\VisualScripting.Core\Dependencies\YamlDotNet\Unity.VisualScripting.YamlDotNet.dll
Symbol file LoadedFromMemory doesn't match image C:\Users\noran\DATEUP1\Library\PackageCache\com.unity.visualscripting@1.7.8\Editor\VisualScripting.Core\Dependencies\DotNetZip\Unity.VisualScripting.IonicZip.dll
Native extension for WindowsStandalone target not found
Native extension for Android target not found
Refreshing native plugins compatible for Editor in 0.61 ms, found 3 plugins.
Preloading 0 native plugins for Editor in 0.00 ms.
Mono: successfully reloaded assembly
- Completed reload, in  0.911 seconds
Domain Reload Profiling:
	ReloadAssembly (912ms)
		BeginReloadAssembly (117ms)
			ExecutionOrderSort (0ms)
			DisableScriptedObjects (4ms)
			BackupInstance (0ms)
			ReleaseScriptingObjects (0ms)
			CreateAndSetChildDomain (39ms)
		EndReloadAssembly (710ms)
			LoadAssemblies (68ms)
			RebuildTransferFunctionScriptingTraits (0ms)
			SetupTypeCache (228ms)
			ReleaseScriptCaches (2ms)
			RebuildScriptCaches (48ms)
			SetupLoadedEditorAssemblies (307ms)
				LogAssemblyErrors (0ms)
				InitializePlatformSupportModulesInManaged (19ms)
				SetLoadedEditorAssemblies (1ms)
				RefreshPlugins (1ms)
				BeforeProcessingInitializeOnLoad (51ms)
				ProcessInitializeOnLoadAttributes (210ms)
				ProcessInitializeOnLoadMethodAttributes (22ms)
				AfterProcessingInitializeOnLoad (4ms)
				EditorAssembliesLoaded (0ms)
			ExecutionOrderSort2 (0ms)
			AwakeInstancesAfterBackupRestoration (5ms)
Platform modules already initialized, skipping
Refreshing native plugins compatible for Editor in 1.46 ms, found 3 plugins.
Preloading 0 native plugins for Editor in 0.00 ms.
Unloading 3727 Unused Serialized files (Serialized files now loaded: 0)
Unloading 19 unused Assets / (24.6 KB). Loaded Objects now: 4222.
Memory consumption went from 137.4 MB to 137.4 MB.
Total: 2.729100 ms (FindLiveObjects: 0.233100 ms CreateObjectMapping: 0.100100 ms MarkObjects: 2.376100 ms  DeleteObjects: 0.018800 ms)

AssetImportParameters requested are different than current active one (requested -> active):
  custom:video-decoder-ogg-theora: a1e56fd34408186e4bbccfd4996cb3dc -> 
  custom:container-muxer-webm: aa71ff27fc2769a1b78a27578f13a17b -> 
  custom:container-demuxer-webm: 4f35f7cbe854078d1ac9338744f61a02 -> 
  custom:video-encoder-webm-vp8: eb34c28f22e8b96e1ab97ce403110664 -> 
  custom:video-codec-MediaFoundation-h265: 746d11721c4dcdbdad8f713fa42b33f4 -> 
  custom:audio-encoder-webm-vorbis: bf7c407c2cedff20999df2af8eb42d56 -> 
  custom:framework-win-MediaFoundation: 216162199b28c13a410421893ffa2e32 -> 
  custom:container-demuxer-ogg: 62fdf1f143b41e24485cea50d1cbac27 -> 
  custom:video-decoder-webm-vp8: 9c59270c3fd7afecdb556c50c9e8de78 -> 
  custom:audio-decoder-ogg-vorbis: bf7c407c2cedff20999df2af8eb42d56 -> 
========================================================================
Received Import Request.
  Time since last request: 14.946110 seconds.
  path: Assets/PreHub/Enemy/EnemyG.prefab
  artifactKey: Guid(c923fa90e04638842a73a1ef269af34a) Importer(815301076,1909f56bfc062723c751e8b465ee728b)
Start importing Assets/PreHub/Enemy/EnemyG.prefab using Guid(c923fa90e04638842a73a1ef269af34a) Importer(815301076,1909f56bfc062723c751e8b465ee728b)  -> (artifact id: 'f7a5e69aef23461632386cf97d8ad4fe') in 0.104498 seconds 
========================================================================
Received Import Request.
  Time since last request: 0.000020 seconds.
  path: Assets/PreHub/Enemy/EnemyY.prefab
  artifactKey: Guid(1a7af489ada689d40be7e44f87ed3051) Importer(815301076,1909f56bfc062723c751e8b465ee728b)
Start importing Assets/PreHub/Enemy/EnemyY.prefab using Guid(1a7af489ada689d40be7e44f87ed3051) Importer(815301076,1909f56bfc062723c751e8b465ee728b)  -> (artifact id: '16d7f4df3e449b00b894176f534a70d1') in 0.025772 seconds 
========================================================================
Received Import Request.
  Time since last request: 0.000028 seconds.
  path: Assets/PreHub/Enemy/EnemyW3R.prefab
  artifactKey: Guid(4b7b5beea07fff54498d8c75dd00216a) Importer(815301076,1909f56bfc062723c751e8b465ee728b)
Start importing Assets/PreHub/Enemy/EnemyW3R.prefab using Guid(4b7b5beea07fff54498d8c75dd00216a) Importer(815301076,1909f56bfc062723c751e8b465ee728b)  -> (artifact id: 'bc715bb03da04ef2208d6f702d7c99ee') in 0.024776 seconds 
========================================================================
Received Prepare
Registering precompiled user dll's ...
Registered in 0.004307 seconds.
Begin MonoManager ReloadAssembly
Symbol file LoadedFromMemory doesn't match image C:\Users\noran\DATEUP1\Library\PackageCache\com.unity.visualscripting@1.7.8\Editor\VisualScripting.Core\Dependencies\YamlDotNet\Unity.VisualScripting.YamlDotNet.dll
Symbol file LoadedFromMemory doesn't match image C:\Users\noran\DATEUP1\Library\PackageCache\com.unity.visualscripting@1.7.8\Editor\VisualScripting.Core\Dependencies\DotNetZip\Unity.VisualScripting.IonicZip.dll
Native extension for WindowsStandalone target not found
Native extension for Android target not found
Refreshing native plugins compatible for Editor in 0.65 ms, found 3 plugins.
Preloading 0 native plugins for Editor in 0.00 ms.
Mono: successfully reloaded assembly
- Completed reload, in  0.956 seconds
Domain Reload Profiling:
	ReloadAssembly (957ms)
		BeginReloadAssembly (119ms)
			ExecutionOrderSort (0ms)
			DisableScriptedObjects (6ms)
			BackupInstance (0ms)
			ReleaseScriptingObjects (0ms)
			CreateAndSetChildDomain (34ms)
		EndReloadAssembly (764ms)
			LoadAssemblies (64ms)
			RebuildTransferFunctionScriptingTraits (0ms)
			SetupTypeCache (259ms)
			ReleaseScriptCaches (2ms)
			RebuildScriptCaches (40ms)
			SetupLoadedEditorAssemblies (353ms)
				LogAssemblyErrors (0ms)
				InitializePlatformSupportModulesInManaged (18ms)
				SetLoadedEditorAssemblies (0ms)
				RefreshPlugins (1ms)
				BeforeProcessingInitializeOnLoad (59ms)
				ProcessInitializeOnLoadAttributes (247ms)
				ProcessInitializeOnLoadMethodAttributes (23ms)
				AfterProcessingInitializeOnLoad (4ms)
				EditorAssembliesLoaded (0ms)
			ExecutionOrderSort2 (0ms)
			AwakeInstancesAfterBackupRestoration (5ms)
Platform modules already initialized, skipping
Refreshing native plugins compatible for Editor in 1.52 ms, found 3 plugins.
Preloading 0 native plugins for Editor in 0.00 ms.
Unloading 3727 Unused Serialized files (Serialized files now loaded: 0)
Unloading 19 unused Assets / (24.6 KB). Loaded Objects now: 4225.
Memory consumption went from 137.4 MB to 137.4 MB.
Total: 2.594100 ms (FindLiveObjects: 0.233400 ms CreateObjectMapping: 0.110900 ms MarkObjects: 2.226800 ms  DeleteObjects: 0.021700 ms)

AssetImportParameters requested are different than current active one (requested -> active):
  custom:video-decoder-ogg-theora: a1e56fd34408186e4bbccfd4996cb3dc -> 
  custom:container-muxer-webm: aa71ff27fc2769a1b78a27578f13a17b -> 
  custom:container-demuxer-webm: 4f35f7cbe854078d1ac9338744f61a02 -> 
  custom:video-encoder-webm-vp8: eb34c28f22e8b96e1ab97ce403110664 -> 
  custom:video-codec-MediaFoundation-h265: 746d11721c4dcdbdad8f713fa42b33f4 -> 
  custom:audio-encoder-webm-vorbis: bf7c407c2cedff20999df2af8eb42d56 -> 
  custom:framework-win-MediaFoundation: 216162199b28c13a410421893ffa2e32 -> 
  custom:container-demuxer-ogg: 62fdf1f143b41e24485cea50d1cbac27 -> 
  custom:video-decoder-webm-vp8: 9c59270c3fd7afecdb556c50c9e8de78 -> 
  custom:audio-decoder-ogg-vorbis: bf7c407c2cedff20999df2af8eb42d56 -> 
========================================================================
Received Prepare
Registering precompiled user dll's ...
Registered in 0.005216 seconds.
Begin MonoManager ReloadAssembly
Symbol file LoadedFromMemory doesn't match image C:\Users\noran\DATEUP1\Library\PackageCache\com.unity.visualscripting@1.7.8\Editor\VisualScripting.Core\Dependencies\YamlDotNet\Unity.VisualScripting.YamlDotNet.dll
Symbol file LoadedFromMemory doesn't match image C:\Users\noran\DATEUP1\Library\PackageCache\com.unity.visualscripting@1.7.8\Editor\VisualScripting.Core\Dependencies\DotNetZip\Unity.VisualScripting.IonicZip.dll
Native extension for WindowsStandalone target not found
Native extension for Android target not found
Refreshing native plugins compatible for Editor in 0.65 ms, found 3 plugins.
Preloading 0 native plugins for Editor in 0.00 ms.
Mono: successfully reloaded assembly
- Completed reload, in  0.905 seconds
Domain Reload Profiling:
	ReloadAssembly (906ms)
		BeginReloadAssembly (115ms)
			ExecutionOrderSort (0ms)
			DisableScriptedObjects (4ms)
			BackupInstance (0ms)
			ReleaseScriptingObjects (0ms)
			CreateAndSetChildDomain (32ms)
		EndReloadAssembly (720ms)
			LoadAssemblies (74ms)
			RebuildTransferFunctionScriptingTraits (0ms)
			SetupTypeCache (224ms)
			ReleaseScriptCaches (2ms)
			RebuildScriptCaches (37ms)
			SetupLoadedEditorAssemblies (350ms)
				LogAssemblyErrors (0ms)
				InitializePlatformSupportModulesInManaged (17ms)
				SetLoadedEditorAssemblies (0ms)
				RefreshPlugins (1ms)
				BeforeProcessingInitializeOnLoad (61ms)
				ProcessInitializeOnLoadAttributes (241ms)
				ProcessInitializeOnLoadMethodAttributes (26ms)
				AfterProcessingInitializeOnLoad (4ms)
				EditorAssembliesLoaded (0ms)
			ExecutionOrderSort2 (0ms)
			AwakeInstancesAfterBackupRestoration (4ms)
Platform modules already initialized, skipping
Refreshing native plugins compatible for Editor in 2.19 ms, found 3 plugins.
Preloading 0 native plugins for Editor in 0.00 ms.
Unloading 3727 Unused Serialized files (Serialized files now loaded: 0)
Unloading 19 unused Assets / (24.7 KB). Loaded Objects now: 4228.
Memory consumption went from 137.4 MB to 137.4 MB.
Total: 2.780200 ms (FindLiveObjects: 0.224800 ms CreateObjectMapping: 0.091100 ms MarkObjects: 2.427000 ms  DeleteObjects: 0.036200 ms)

AssetImportParameters requested are different than current active one (requested -> active):
  custom:video-decoder-ogg-theora: a1e56fd34408186e4bbccfd4996cb3dc -> 
  custom:container-muxer-webm: aa71ff27fc2769a1b78a27578f13a17b -> 
  custom:container-demuxer-webm: 4f35f7cbe854078d1ac9338744f61a02 -> 
  custom:video-encoder-webm-vp8: eb34c28f22e8b96e1ab97ce403110664 -> 
  custom:video-codec-MediaFoundation-h265: 746d11721c4dcdbdad8f713fa42b33f4 -> 
  custom:audio-encoder-webm-vorbis: bf7c407c2cedff20999df2af8eb42d56 -> 
  custom:framework-win-MediaFoundation: 216162199b28c13a410421893ffa2e32 -> 
  custom:container-demuxer-ogg: 62fdf1f143b41e24485cea50d1cbac27 -> 
  custom:video-decoder-webm-vp8: 9c59270c3fd7afecdb556c50c9e8de78 -> 
  custom:audio-decoder-ogg-vorbis: bf7c407c2cedff20999df2af8eb42d56 -> 
========================================================================
Received Import Request.
  Time since last request: 397.908539 seconds.
  path: Assets/PreHub/Enemy/EnemyG.prefab
  artifactKey: Guid(c923fa90e04638842a73a1ef269af34a) Importer(815301076,1909f56bfc062723c751e8b465ee728b)
Start importing Assets/PreHub/Enemy/EnemyG.prefab using Guid(c923fa90e04638842a73a1ef269af34a) Importer(815301076,1909f56bfc062723c751e8b465ee728b)  -> (artifact id: '8fbd0cc733b115e972f85c1820f4541b') in 0.082005 seconds 
========================================================================
Received Import Request.
  Time since last request: 0.000019 seconds.
  path: Assets/PreHub/Enemy/EnemyL.prefab
  artifactKey: Guid(8c70aa00955e5d441b1d26ae7212df10) Importer(815301076,1909f56bfc062723c751e8b465ee728b)
Start importing Assets/PreHub/Enemy/EnemyL.prefab using Guid(8c70aa00955e5d441b1d26ae7212df10) Importer(815301076,1909f56bfc062723c751e8b465ee728b)  -> (artifact id: '970fa68d68836061414915ee6cad13f4') in 0.021410 seconds 
========================================================================
Received Import Request.
  Time since last request: 0.000030 seconds.
  path: Assets/PreHub/Enemy/EnemyY.prefab
  artifactKey: Guid(1a7af489ada689d40be7e44f87ed3051) Importer(815301076,1909f56bfc062723c751e8b465ee728b)
Start importing Assets/PreHub/Enemy/EnemyY.prefab using Guid(1a7af489ada689d40be7e44f87ed3051) Importer(815301076,1909f56bfc062723c751e8b465ee728b)  -> (artifact id: '950d77833c9d01690c9542c18794b0d8') in 0.014242 seconds 
========================================================================
Received Import Request.
  Time since last request: 0.000024 seconds.
  path: Assets/PreHub/Enemy/EnemyW3B.prefab
  artifactKey: Guid(09ac126f8bd84fe48bace923dde6da5d) Importer(815301076,1909f56bfc062723c751e8b465ee728b)
Start importing Assets/PreHub/Enemy/EnemyW3B.prefab using Guid(09ac126f8bd84fe48bace923dde6da5d) Importer(815301076,1909f56bfc062723c751e8b465ee728b)  -> (artifact id: '2ed8e07a69a97c9bfced4ae9c651cfc6') in 0.016460 seconds 
========================================================================
Received Import Request.
  Time since last request: 0.000022 seconds.
  path: Assets/PreHub/Enemy/EnemyP.prefab
  artifactKey: Guid(06780801e34c98b49a50b10b433ce69f) Importer(815301076,1909f56bfc062723c751e8b465ee728b)
Start importing Assets/PreHub/Enemy/EnemyP.prefab using Guid(06780801e34c98b49a50b10b433ce69f) Importer(815301076,1909f56bfc062723c751e8b465ee728b)  -> (artifact id: 'ee0607298aed1b6b8a4f2e800f51449e') in 0.015412 seconds 
========================================================================
Received Import Request.
  Time since last request: 56.393558 seconds.
  path: Assets/PreHub/Enemy/EnemyG.prefab
  artifactKey: Guid(c923fa90e04638842a73a1ef269af34a) Importer(815301076,1909f56bfc062723c751e8b465ee728b)
Start importing Assets/PreHub/Enemy/EnemyG.prefab using Guid(c923fa90e04638842a73a1ef269af34a) Importer(815301076,1909f56bfc062723c751e8b465ee728b)  -> (artifact id: 'ffee716a025f112aa718a97a40c5dacb') in 0.019423 seconds 
========================================================================
Received Import Request.
  Time since last request: 0.000032 seconds.
  path: Assets/PreHub/Enemy/EnemyR.prefab
  artifactKey: Guid(39d7d06d5e4c880429b91091c1dab380) Importer(815301076,1909f56bfc062723c751e8b465ee728b)
Start importing Assets/PreHub/Enemy/EnemyR.prefab using Guid(39d7d06d5e4c880429b91091c1dab380) Importer(815301076,1909f56bfc062723c751e8b465ee728b)  -> (artifact id: '65abcda5be7db20bcca2efeb5660adb5') in 0.015118 seconds 
========================================================================
Received Import Request.
  Time since last request: 0.000022 seconds.
  path: Assets/PreHub/Enemy/EnemyW.prefab
  artifactKey: Guid(efde03e763fb6fb4dafe30d13412961f) Importer(815301076,1909f56bfc062723c751e8b465ee728b)
Start importing Assets/PreHub/Enemy/EnemyW.prefab using Guid(efde03e763fb6fb4dafe30d13412961f) Importer(815301076,1909f56bfc062723c751e8b465ee728b)  -> (artifact id: 'e1560d5290fb499e352d4465cea1f950') in 0.033218 seconds 
========================================================================
Received Import Request.
  Time since last request: 0.000017 seconds.
  path: Assets/PreHub/Enemy/EnemyW3G.prefab
  artifactKey: Guid(ea1dc24207b6a3344a9c534acb7d6d25) Importer(815301076,1909f56bfc062723c751e8b465ee728b)
Start importing Assets/PreHub/Enemy/EnemyW3G.prefab using Guid(ea1dc24207b6a3344a9c534acb7d6d25) Importer(815301076,1909f56bfc062723c751e8b465ee728b)  -> (artifact id: '9f836e88f32f5c6a80161142ee320936') in 0.035804 seconds 
Editor requested this worker to shutdown with reason: Scaling down because of idle timeout
AssetImportWorker is now disconnected from the server
Process exiting
Exiting without the bug reporter. Application will terminate with return code 0