Using pre-set license
Built from '2021.3/staging' branch; Version is '2021.3.11f1 (0a5ca18544bf) revision 679073'; Using compiler version '192829333'; Build Type 'Release'
OS: 'Windows 11  (10.0.22621) 64bit Core' Language: 'ja' Physical Memory: 16085 MB
BatchMode: 1, IsHumanControllingUs: 0, StartBugReporterOnCrash: 0, Is64bit: 1, IsPro: 1

COMMAND LINE ARGUMENTS:
C:\Program Files\Unity\Hub\Editor\2021.3.11f1\Editor\Unity.exe
-adb2
-batchMode
-noUpm
-name
AssetImportWorker2
-projectPath
C:/Users/noran/DATEUP1
-logFile
Logs/AssetImportWorker2.log
-srvPort
57498
Successfully changed project path to: C:/Users/noran/DATEUP1
C:/Users/noran/DATEUP1
[UnityMemory] Configuration Parameters - Can be set up in boot.config
    "memorysetup-bucket-allocator-granularity=16"
    "memorysetup-bucket-allocator-bucket-count=8"
    "memorysetup-bucket-allocator-block-size=33554432"
    "memorysetup-bucket-allocator-block-count=8"
    "memorysetup-main-allocator-block-size=16777216"
    "memorysetup-thread-allocator-block-size=16777216"
    "memorysetup-gfx-main-allocator-block-size=16777216"
    "memorysetup-gfx-thread-allocator-block-size=16777216"
    "memorysetup-cache-allocator-block-size=4194304"
    "memorysetup-typetree-allocator-block-size=2097152"
    "memorysetup-profiler-bucket-allocator-granularity=16"
    "memorysetup-profiler-bucket-allocator-bucket-count=8"
    "memorysetup-profiler-bucket-allocator-block-size=33554432"
    "memorysetup-profiler-bucket-allocator-block-count=8"
    "memorysetup-profiler-allocator-block-size=16777216"
    "memorysetup-profiler-editor-allocator-block-size=1048576"
    "memorysetup-temp-allocator-size-main=16777216"
    "memorysetup-job-temp-allocator-block-size=2097152"
    "memorysetup-job-temp-allocator-block-size-background=1048576"
    "memorysetup-job-temp-allocator-reduction-small-platforms=262144"
    "memorysetup-temp-allocator-size-background-worker=32768"
    "memorysetup-temp-allocator-size-job-worker=262144"
    "memorysetup-temp-allocator-size-preload-manager=33554432"
    "memorysetup-temp-allocator-size-nav-mesh-worker=65536"
    "memorysetup-temp-allocator-size-audio-worker=65536"
    "memorysetup-temp-allocator-size-cloud-worker=32768"
    "memorysetup-temp-allocator-size-gi-baking-worker=262144"
    "memorysetup-temp-allocator-size-gfx=262144"
Refreshing native plugins compatible for Editor in 75.81 ms, found 3 plugins.
Preloading 0 native plugins for Editor in 0.00 ms.
Initialize engine version: 2021.3.11f1 (0a5ca18544bf)
[Subsystems] Discovering subsystems at path C:/Program Files/Unity/Hub/Editor/2021.3.11f1/Editor/Data/Resources/UnitySubsystems
[Subsystems] Discovering subsystems at path C:/Users/noran/DATEUP1/Assets
GfxDevice: creating device client; threaded=0; jobified=0
Direct3D:
    Version:  Direct3D 11.0 [level 11.1]
    Renderer: NVIDIA GeForce RTX 3060 Laptop GPU (ID=0x2520)
    Vendor:   NVIDIA
    VRAM:     6023 MB
    Driver:   30.0.15.1165
Initialize mono
Mono path[0] = 'C:/Program Files/Unity/Hub/Editor/2021.3.11f1/Editor/Data/Managed'
Mono path[1] = 'C:/Program Files/Unity/Hub/Editor/2021.3.11f1/Editor/Data/MonoBleedingEdge/lib/mono/unityjit-win32'
Mono config path = 'C:/Program Files/Unity/Hub/Editor/2021.3.11f1/Editor/Data/MonoBleedingEdge/etc'
Using monoOptions --debugger-agent=transport=dt_socket,embedding=1,server=y,suspend=n,address=127.0.0.1:56832
Begin MonoManager ReloadAssembly
Registering precompiled unity dll's ...
Register platform support module: C:/Program Files/Unity/Hub/Editor/2021.3.11f1/Editor/Data/PlaybackEngines/AndroidPlayer/UnityEditor.Android.Extensions.dll
Register platform support module: C:/Program Files/Unity/Hub/Editor/2021.3.11f1/Editor/Data/PlaybackEngines/WindowsStandaloneSupport/UnityEditor.WindowsStandalone.Extensions.dll
Registered in 0.003576 seconds.
Native extension for WindowsStandalone target not found
Native extension for Android target not found
Refreshing native plugins compatible for Editor in 77.68 ms, found 3 plugins.
Preloading 0 native plugins for Editor in 0.00 ms.
Mono: successfully reloaded assembly
- Completed reload, in  0.537 seconds
Domain Reload Profiling:
	ReloadAssembly (537ms)
		BeginReloadAssembly (58ms)
			ExecutionOrderSort (0ms)
			DisableScriptedObjects (0ms)
			BackupInstance (0ms)
			ReleaseScriptingObjects (0ms)
			CreateAndSetChildDomain (1ms)
		EndReloadAssembly (391ms)
			LoadAssemblies (57ms)
			RebuildTransferFunctionScriptingTraits (0ms)
			SetupTypeCache (85ms)
			ReleaseScriptCaches (0ms)
			RebuildScriptCaches (26ms)
			SetupLoadedEditorAssemblies (238ms)
				LogAssemblyErrors (0ms)
				InitializePlatformSupportModulesInManaged (42ms)
				SetLoadedEditorAssemblies (0ms)
				RefreshPlugins (78ms)
				BeforeProcessingInitializeOnLoad (1ms)
				ProcessInitializeOnLoadAttributes (78ms)
				ProcessInitializeOnLoadMethodAttributes (38ms)
				AfterProcessingInitializeOnLoad (0ms)
				EditorAssembliesLoaded (0ms)
			ExecutionOrderSort2 (0ms)
			AwakeInstancesAfterBackupRestoration (0ms)
Platform modules already initialized, skipping
Registering precompiled user dll's ...
Registered in 0.003769 seconds.
Begin MonoManager ReloadAssembly
Symbol file LoadedFromMemory doesn't match image C:\Users\noran\DATEUP1\Library\PackageCache\com.unity.visualscripting@1.7.8\Editor\VisualScripting.Core\Dependencies\YamlDotNet\Unity.VisualScripting.YamlDotNet.dll
Symbol file LoadedFromMemory doesn't match image C:\Users\noran\DATEUP1\Library\PackageCache\com.unity.visualscripting@1.7.8\Editor\VisualScripting.Core\Dependencies\DotNetZip\Unity.VisualScripting.IonicZip.dll
Native extension for WindowsStandalone target not found
Native extension for Android target not found
Refreshing native plugins compatible for Editor in 82.69 ms, found 3 plugins.
Preloading 0 native plugins for Editor in 0.00 ms.
Mono: successfully reloaded assembly
- Completed reload, in  1.149 seconds
Domain Reload Profiling:
	ReloadAssembly (1149ms)
		BeginReloadAssembly (208ms)
			ExecutionOrderSort (0ms)
			DisableScriptedObjects (5ms)
			BackupInstance (0ms)
			ReleaseScriptingObjects (0ms)
			CreateAndSetChildDomain (125ms)
		EndReloadAssembly (852ms)
			LoadAssemblies (61ms)
			RebuildTransferFunctionScriptingTraits (0ms)
			SetupTypeCache (235ms)
			ReleaseScriptCaches (1ms)
			RebuildScriptCaches (50ms)
			SetupLoadedEditorAssemblies (458ms)
				LogAssemblyErrors (0ms)
				InitializePlatformSupportModulesInManaged (15ms)
				SetLoadedEditorAssemblies (0ms)
				RefreshPlugins (83ms)
				BeforeProcessingInitializeOnLoad (81ms)
				ProcessInitializeOnLoadAttributes (255ms)
				ProcessInitializeOnLoadMethodAttributes (20ms)
				AfterProcessingInitializeOnLoad (4ms)
				EditorAssembliesLoaded (0ms)
			ExecutionOrderSort2 (0ms)
			AwakeInstancesAfterBackupRestoration (4ms)
Platform modules already initialized, skipping
========================================================================
Worker process is ready to serve import requests
Launched and connected shader compiler UnityShaderCompiler.exe after 0.04 seconds
Refreshing native plugins compatible for Editor in 0.77 ms, found 3 plugins.
Preloading 0 native plugins for Editor in 0.00 ms.
Unloading 4121 Unused Serialized files (Serialized files now loaded: 0)
Unloading 29 unused Assets / (118.9 KB). Loaded Objects now: 4588.
Memory consumption went from 149.0 MB to 148.9 MB.
Total: 2.874500 ms (FindLiveObjects: 0.307100 ms CreateObjectMapping: 0.117600 ms MarkObjects: 2.335100 ms  DeleteObjects: 0.113300 ms)

AssetImportParameters requested are different than current active one (requested -> active):
  custom:video-decoder-ogg-theora: a1e56fd34408186e4bbccfd4996cb3dc -> 
  custom:container-muxer-webm: aa71ff27fc2769a1b78a27578f13a17b -> 
  custom:container-demuxer-webm: 4f35f7cbe854078d1ac9338744f61a02 -> 
  custom:video-encoder-webm-vp8: eb34c28f22e8b96e1ab97ce403110664 -> 
  custom:video-codec-MediaFoundation-h265: 746d11721c4dcdbdad8f713fa42b33f4 -> 
  custom:audio-encoder-webm-vorbis: bf7c407c2cedff20999df2af8eb42d56 -> 
  custom:framework-win-MediaFoundation: 216162199b28c13a410421893ffa2e32 -> 
  custom:container-demuxer-ogg: 62fdf1f143b41e24485cea50d1cbac27 -> 
  custom:video-decoder-webm-vp8: 9c59270c3fd7afecdb556c50c9e8de78 -> 
  custom:audio-decoder-ogg-vorbis: bf7c407c2cedff20999df2af8eb42d56 -> 
========================================================================
Received Import Request.
  Time since last request: 102710.598221 seconds.
  path: Assets/PreHub/Enemy/EnemyL.prefab
  artifactKey: Guid(8c70aa00955e5d441b1d26ae7212df10) Importer(815301076,1909f56bfc062723c751e8b465ee728b)
Start importing Assets/PreHub/Enemy/EnemyL.prefab using Guid(8c70aa00955e5d441b1d26ae7212df10) Importer(815301076,1909f56bfc062723c751e8b465ee728b)  -> (artifact id: '8fbf784f4b54eeedc3deccef9eb18b80') in 0.108687 seconds 
========================================================================
Received Import Request.
  Time since last request: 0.000031 seconds.
  path: Assets/PreHub/Enemy/EnemyB.prefab
  artifactKey: Guid(ac1e8de21ed91ca46904b8a4dfc83585) Importer(815301076,1909f56bfc062723c751e8b465ee728b)
Start importing Assets/PreHub/Enemy/EnemyB.prefab using Guid(ac1e8de21ed91ca46904b8a4dfc83585) Importer(815301076,1909f56bfc062723c751e8b465ee728b)  -> (artifact id: '3a4142be7ad1c11c64cf735337e6a971') in 0.048511 seconds 
========================================================================
Received Import Request.
  Time since last request: 30.625830 seconds.
  path: Assets/Script/Enemy/Enemy.cs
  artifactKey: Guid(14823c8188a297242b72f16b083dc4b1) Importer(815301076,1909f56bfc062723c751e8b465ee728b)
Start importing Assets/Script/Enemy/Enemy.cs using Guid(14823c8188a297242b72f16b083dc4b1) Importer(815301076,1909f56bfc062723c751e8b465ee728b)  -> (artifact id: '14d22e977de71c1002f4c71de2895f88') in 0.009179 seconds 
========================================================================
Received Import Request.
  Time since last request: 107.169884 seconds.
  path: Assets/Script/Enemy
  artifactKey: Guid(dc292c144dc10cf45b185103d5eb35df) Importer(815301076,1909f56bfc062723c751e8b465ee728b)
Start importing Assets/Script/Enemy using Guid(dc292c144dc10cf45b185103d5eb35df) Importer(815301076,1909f56bfc062723c751e8b465ee728b)  -> (artifact id: '1ee7747bd51d140395dca05b23e10129') in 0.002118 seconds 
========================================================================
Received Import Request.
  Time since last request: 108.713951 seconds.
  path: Assets/PreHub/Enemy/purpleEnemy.prefab
  artifactKey: Guid(518b2f56fb5795b46808e9c2760d2208) Importer(815301076,1909f56bfc062723c751e8b465ee728b)
Start importing Assets/PreHub/Enemy/purpleEnemy.prefab using Guid(518b2f56fb5795b46808e9c2760d2208) Importer(815301076,1909f56bfc062723c751e8b465ee728b)  -> (artifact id: '932d2e51086319a24eb48df99b3dbd87') in 0.030142 seconds 
========================================================================
Received Import Request.
  Time since last request: 0.000017 seconds.
  path: Assets/PreHub/Enemy/blueEnemy.prefab
  artifactKey: Guid(510b5a66de694444d87684988c43baa3) Importer(815301076,1909f56bfc062723c751e8b465ee728b)
Start importing Assets/PreHub/Enemy/blueEnemy.prefab using Guid(510b5a66de694444d87684988c43baa3) Importer(815301076,1909f56bfc062723c751e8b465ee728b)  -> (artifact id: '8d4029b8ea7a67a9b166d67eba5bb688') in 0.029602 seconds 
========================================================================
Received Import Request.
  Time since last request: 0.000034 seconds.
  path: Assets/PreHub/Enemy/lightBleuEnemy.prefab
  artifactKey: Guid(ed9c5f2051638994db2c13e948a7b80a) Importer(815301076,1909f56bfc062723c751e8b465ee728b)
Start importing Assets/PreHub/Enemy/lightBleuEnemy.prefab using Guid(ed9c5f2051638994db2c13e948a7b80a) Importer(815301076,1909f56bfc062723c751e8b465ee728b)  -> (artifact id: '9969e6cf6f39d062dbd8e44c31a913cc') in 0.042270 seconds 
========================================================================
Received Import Request.
  Time since last request: 0.000029 seconds.
  path: Assets/PreHub/Enemy/RedEnemy.prefab
  artifactKey: Guid(5d0c625d99e540b45a95fcedc2abfd66) Importer(815301076,1909f56bfc062723c751e8b465ee728b)
Start importing Assets/PreHub/Enemy/RedEnemy.prefab using Guid(5d0c625d99e540b45a95fcedc2abfd66) Importer(815301076,1909f56bfc062723c751e8b465ee728b)  -> (artifact id: '6bda6470d1f6d80545c595b957a8c7ae') in 0.025499 seconds 
========================================================================
Received Prepare
Registering precompiled user dll's ...
Registered in 0.003340 seconds.
Begin MonoManager ReloadAssembly
Symbol file LoadedFromMemory doesn't match image C:\Users\noran\DATEUP1\Library\PackageCache\com.unity.visualscripting@1.7.8\Editor\VisualScripting.Core\Dependencies\YamlDotNet\Unity.VisualScripting.YamlDotNet.dll
Symbol file LoadedFromMemory doesn't match image C:\Users\noran\DATEUP1\Library\PackageCache\com.unity.visualscripting@1.7.8\Editor\VisualScripting.Core\Dependencies\DotNetZip\Unity.VisualScripting.IonicZip.dll
Native extension for WindowsStandalone target not found
Native extension for Android target not found
Refreshing native plugins compatible for Editor in 0.74 ms, found 3 plugins.
Preloading 0 native plugins for Editor in 0.00 ms.
Mono: successfully reloaded assembly
- Completed reload, in  0.911 seconds
Domain Reload Profiling:
	ReloadAssembly (911ms)
		BeginReloadAssembly (122ms)
			ExecutionOrderSort (0ms)
			DisableScriptedObjects (4ms)
			BackupInstance (0ms)
			ReleaseScriptingObjects (0ms)
			CreateAndSetChildDomain (47ms)
		EndReloadAssembly (718ms)
			LoadAssemblies (62ms)
			RebuildTransferFunctionScriptingTraits (0ms)
			SetupTypeCache (240ms)
			ReleaseScriptCaches (2ms)
			RebuildScriptCaches (40ms)
			SetupLoadedEditorAssemblies (326ms)
				LogAssemblyErrors (0ms)
				InitializePlatformSupportModulesInManaged (21ms)
				SetLoadedEditorAssemblies (0ms)
				RefreshPlugins (1ms)
				BeforeProcessingInitializeOnLoad (61ms)
				ProcessInitializeOnLoadAttributes (215ms)
				ProcessInitializeOnLoadMethodAttributes (23ms)
				AfterProcessingInitializeOnLoad (5ms)
				EditorAssembliesLoaded (0ms)
			ExecutionOrderSort2 (0ms)
			AwakeInstancesAfterBackupRestoration (4ms)
Platform modules already initialized, skipping
Refreshing native plugins compatible for Editor in 1.99 ms, found 3 plugins.
Preloading 0 native plugins for Editor in 0.00 ms.
Unloading 4095 Unused Serialized files (Serialized files now loaded: 0)
Unloading 21 unused Assets / (71.0 KB). Loaded Objects now: 4601.
Memory consumption went from 163.8 MB to 163.7 MB.
Total: 3.215400 ms (FindLiveObjects: 0.271200 ms CreateObjectMapping: 0.115300 ms MarkObjects: 2.725700 ms  DeleteObjects: 0.101700 ms)

AssetImportParameters requested are different than current active one (requested -> active):
  custom:video-decoder-ogg-theora: a1e56fd34408186e4bbccfd4996cb3dc -> 
  custom:container-muxer-webm: aa71ff27fc2769a1b78a27578f13a17b -> 
  custom:container-demuxer-webm: 4f35f7cbe854078d1ac9338744f61a02 -> 
  custom:video-encoder-webm-vp8: eb34c28f22e8b96e1ab97ce403110664 -> 
  custom:video-codec-MediaFoundation-h265: 746d11721c4dcdbdad8f713fa42b33f4 -> 
  custom:audio-encoder-webm-vorbis: bf7c407c2cedff20999df2af8eb42d56 -> 
  custom:framework-win-MediaFoundation: 216162199b28c13a410421893ffa2e32 -> 
  custom:container-demuxer-ogg: 62fdf1f143b41e24485cea50d1cbac27 -> 
  custom:video-decoder-webm-vp8: 9c59270c3fd7afecdb556c50c9e8de78 -> 
  custom:audio-decoder-ogg-vorbis: bf7c407c2cedff20999df2af8eb42d56 -> 
========================================================================
Received Prepare
Registering precompiled user dll's ...
Registered in 0.003314 seconds.
Begin MonoManager ReloadAssembly
Symbol file LoadedFromMemory doesn't match image C:\Users\noran\DATEUP1\Library\PackageCache\com.unity.visualscripting@1.7.8\Editor\VisualScripting.Core\Dependencies\YamlDotNet\Unity.VisualScripting.YamlDotNet.dll
Symbol file LoadedFromMemory doesn't match image C:\Users\noran\DATEUP1\Library\PackageCache\com.unity.visualscripting@1.7.8\Editor\VisualScripting.Core\Dependencies\DotNetZip\Unity.VisualScripting.IonicZip.dll
Native extension for WindowsStandalone target not found
Native extension for Android target not found
Refreshing native plugins compatible for Editor in 0.62 ms, found 3 plugins.
Preloading 0 native plugins for Editor in 0.00 ms.
Mono: successfully reloaded assembly
- Completed reload, in  0.891 seconds
Domain Reload Profiling:
	ReloadAssembly (892ms)
		BeginReloadAssembly (115ms)
			ExecutionOrderSort (0ms)
			DisableScriptedObjects (4ms)
			BackupInstance (0ms)
			ReleaseScriptingObjects (0ms)
			CreateAndSetChildDomain (34ms)
		EndReloadAssembly (703ms)
			LoadAssemblies (63ms)
			RebuildTransferFunctionScriptingTraits (0ms)
			SetupTypeCache (233ms)
			ReleaseScriptCaches (2ms)
			RebuildScriptCaches (35ms)
			SetupLoadedEditorAssemblies (339ms)
				LogAssemblyErrors (0ms)
				InitializePlatformSupportModulesInManaged (16ms)
				SetLoadedEditorAssemblies (0ms)
				RefreshPlugins (1ms)
				BeforeProcessingInitializeOnLoad (63ms)
				ProcessInitializeOnLoadAttributes (231ms)
				ProcessInitializeOnLoadMethodAttributes (23ms)
				AfterProcessingInitializeOnLoad (5ms)
				EditorAssembliesLoaded (0ms)
			ExecutionOrderSort2 (0ms)
			AwakeInstancesAfterBackupRestoration (5ms)
Platform modules already initialized, skipping
Refreshing native plugins compatible for Editor in 1.51 ms, found 3 plugins.
Preloading 0 native plugins for Editor in 0.00 ms.
Unloading 4095 Unused Serialized files (Serialized files now loaded: 0)
Unloading 20 unused Assets / (70.4 KB). Loaded Objects now: 4604.
Memory consumption went from 163.8 MB to 163.7 MB.
Total: 2.969700 ms (FindLiveObjects: 0.272500 ms CreateObjectMapping: 0.142600 ms MarkObjects: 2.458300 ms  DeleteObjects: 0.095200 ms)

AssetImportParameters requested are different than current active one (requested -> active):
  custom:video-decoder-ogg-theora: a1e56fd34408186e4bbccfd4996cb3dc -> 
  custom:container-muxer-webm: aa71ff27fc2769a1b78a27578f13a17b -> 
  custom:container-demuxer-webm: 4f35f7cbe854078d1ac9338744f61a02 -> 
  custom:video-encoder-webm-vp8: eb34c28f22e8b96e1ab97ce403110664 -> 
  custom:video-codec-MediaFoundation-h265: 746d11721c4dcdbdad8f713fa42b33f4 -> 
  custom:audio-encoder-webm-vorbis: bf7c407c2cedff20999df2af8eb42d56 -> 
  custom:framework-win-MediaFoundation: 216162199b28c13a410421893ffa2e32 -> 
  custom:container-demuxer-ogg: 62fdf1f143b41e24485cea50d1cbac27 -> 
  custom:video-decoder-webm-vp8: 9c59270c3fd7afecdb556c50c9e8de78 -> 
  custom:audio-decoder-ogg-vorbis: bf7c407c2cedff20999df2af8eb42d56 -> 
========================================================================
Received Import Request.
  Time since last request: 122.052798 seconds.
  path: Assets/PreHub/Player/Player1.prefab
  artifactKey: Guid(7e89a953874cf6840b19f83016054258) Importer(815301076,1909f56bfc062723c751e8b465ee728b)
Start importing Assets/PreHub/Player/Player1.prefab using Guid(7e89a953874cf6840b19f83016054258) Importer(815301076,1909f56bfc062723c751e8b465ee728b)  -> (artifact id: '820f27903a7081459f208bf5b51cc19d') in 0.077665 seconds 
========================================================================
Received Import Request.
  Time since last request: 0.000031 seconds.
  path: Assets/PreHub/Player/Player3.prefab
  artifactKey: Guid(36421813e8cb69c40bf56296900fe670) Importer(815301076,1909f56bfc062723c751e8b465ee728b)
Start importing Assets/PreHub/Player/Player3.prefab using Guid(36421813e8cb69c40bf56296900fe670) Importer(815301076,1909f56bfc062723c751e8b465ee728b)  -> (artifact id: 'e83504848ff731f813d5ea66ae1c51c8') in 0.017151 seconds 
========================================================================
Received Import Request.
  Time since last request: 32.646960 seconds.
  path: Assets/PreHub/RGB/husuma_tex.png
  artifactKey: Guid(0282c615ac98e744ea27d230a3a1bceb) Importer(815301076,1909f56bfc062723c751e8b465ee728b)
Start importing Assets/PreHub/RGB/husuma_tex.png using Guid(0282c615ac98e744ea27d230a3a1bceb) Importer(815301076,1909f56bfc062723c751e8b465ee728b)  -> (artifact id: '05ec8b5cadd6ae16a7cac9b70ed41e69') in 0.044400 seconds 
========================================================================
Received Import Request.
  Time since last request: 0.000022 seconds.
  path: Assets/PreHub/RGB/kabe_tex.png
  artifactKey: Guid(4f9f08eadf1557043b4aebd9735bb1f5) Importer(815301076,1909f56bfc062723c751e8b465ee728b)
Start importing Assets/PreHub/RGB/kabe_tex.png using Guid(4f9f08eadf1557043b4aebd9735bb1f5) Importer(815301076,1909f56bfc062723c751e8b465ee728b)  -> (artifact id: 'a529b4e718b16f426a363de36a2d562e') in 0.024154 seconds 
========================================================================
Received Import Request.
  Time since last request: 0.000018 seconds.
  path: Assets/PreHub/RGB/Suit_Green.png
  artifactKey: Guid(d2bb98bafa38d364184812a19457e4ef) Importer(815301076,1909f56bfc062723c751e8b465ee728b)
Start importing Assets/PreHub/RGB/Suit_Green.png using Guid(d2bb98bafa38d364184812a19457e4ef) Importer(815301076,1909f56bfc062723c751e8b465ee728b)  -> (artifact id: 'd71383128bb8f643a2414cc7e6b53d7f') in 0.020738 seconds 
========================================================================
Received Import Request.
  Time since last request: 0.000017 seconds.
  path: Assets/PreHub/RGB/tatami8.png
  artifactKey: Guid(31e4567d7691f4245aad7b7fce8b4b45) Importer(815301076,1909f56bfc062723c751e8b465ee728b)
Start importing Assets/PreHub/RGB/tatami8.png using Guid(31e4567d7691f4245aad7b7fce8b4b45) Importer(815301076,1909f56bfc062723c751e8b465ee728b)  -> (artifact id: 'e2a07e3949c49ea9b228566395ec3a3c') in 0.021562 seconds 
========================================================================
Received Import Request.
  Time since last request: 0.000026 seconds.
  path: Assets/PreHub/RGB/Suit_Red.png
  artifactKey: Guid(d98c02577ecf5fa42a17d6c10a8c9523) Importer(815301076,1909f56bfc062723c751e8b465ee728b)
Start importing Assets/PreHub/RGB/Suit_Red.png using Guid(d98c02577ecf5fa42a17d6c10a8c9523) Importer(815301076,1909f56bfc062723c751e8b465ee728b)  -> (artifact id: '1c62590040f8881d679ca7624a880602') in 0.020770 seconds 
========================================================================
Received Import Request.
  Time since last request: 0.000027 seconds.
  path: Assets/PreHub/RGB/obake_Red.png
  artifactKey: Guid(116b1c55325327242b660b607ed41334) Importer(815301076,1909f56bfc062723c751e8b465ee728b)
Start importing Assets/PreHub/RGB/obake_Red.png using Guid(116b1c55325327242b660b607ed41334) Importer(815301076,1909f56bfc062723c751e8b465ee728b)  -> (artifact id: '545c17c38d8f9080f5675c3749e59a3d') in 0.016375 seconds 
========================================================================
Received Import Request.
  Time since last request: 0.000023 seconds.
  path: Assets/PreHub/RGB/syouzi_tex2.png
  artifactKey: Guid(b33cc2a2eadad3a4c8f28fd6dbe7f332) Importer(815301076,1909f56bfc062723c751e8b465ee728b)
Start importing Assets/PreHub/RGB/syouzi_tex2.png using Guid(b33cc2a2eadad3a4c8f28fd6dbe7f332) Importer(815301076,1909f56bfc062723c751e8b465ee728b)  -> (artifact id: '92ac0f04eb54913f261afd47a961995e') in 0.019207 seconds 
========================================================================
Received Import Request.
  Time since last request: 0.000022 seconds.
  path: Assets/PreHub/RGB/tatami9.png
  artifactKey: Guid(91b2a10ef8d6a74428a1e834db581de1) Importer(815301076,1909f56bfc062723c751e8b465ee728b)
Start importing Assets/PreHub/RGB/tatami9.png using Guid(91b2a10ef8d6a74428a1e834db581de1) Importer(815301076,1909f56bfc062723c751e8b465ee728b)  -> (artifact id: 'd44e15d66407ea3e3f3fb112b6c453ba') in 0.018432 seconds 
========================================================================
Received Import Request.
  Time since last request: 0.000049 seconds.
  path: Assets/PreHub/RGB/obake_Green.png
  artifactKey: Guid(b05cf888a9567c5488a046fa4cc04c11) Importer(815301076,1909f56bfc062723c751e8b465ee728b)
Start importing Assets/PreHub/RGB/obake_Green.png using Guid(b05cf888a9567c5488a046fa4cc04c11) Importer(815301076,1909f56bfc062723c751e8b465ee728b)  -> (artifact id: 'f7012b03e413178a9f8611911a196c34') in 0.013815 seconds 
========================================================================
Received Import Request.
  Time since last request: 0.000020 seconds.
  path: Assets/PreHub/RGB/wasitu4.fbx
  artifactKey: Guid(c66742be7ce19094faadaf8b61617208) Importer(815301076,1909f56bfc062723c751e8b465ee728b)
Start importing Assets/PreHub/RGB/wasitu4.fbx using Guid(c66742be7ce19094faadaf8b61617208) Importer(815301076,1909f56bfc062723c751e8b465ee728b)  -> (artifact id: '01f8724d279a667fc3e04305443fdbe4') in 0.554563 seconds 
========================================================================
Received Import Request.
  Time since last request: 5.098996 seconds.
  path: Assets/PreHub/Other/Wave-1.prefab
  artifactKey: Guid(440aa85e36e27454a8c2c4c02bc58b0b) Importer(815301076,1909f56bfc062723c751e8b465ee728b)
Start importing Assets/PreHub/Other/Wave-1.prefab using Guid(440aa85e36e27454a8c2c4c02bc58b0b) Importer(815301076,1909f56bfc062723c751e8b465ee728b)  -> (artifact id: 'ada32bd363995f58ad448a1c47d5b921') in 0.010600 seconds 
========================================================================
Received Import Request.
  Time since last request: 0.000021 seconds.
  path: Assets/PreHub/Other/Wave-3.prefab
  artifactKey: Guid(06da06bc3c889524b94d06f0f82fd3e2) Importer(815301076,1909f56bfc062723c751e8b465ee728b)
Start importing Assets/PreHub/Other/Wave-3.prefab using Guid(06da06bc3c889524b94d06f0f82fd3e2) Importer(815301076,1909f56bfc062723c751e8b465ee728b)  -> (artifact id: 'fc11c8234abb825c3f0e202662a57685') in 0.011167 seconds 
========================================================================
Received Import Request.
  Time since last request: 1.687524 seconds.
  path: Assets/PreHub/Pillow/makura1.prefab
  artifactKey: Guid(37105d9563b5aa342a3f107c6ca70958) Importer(815301076,1909f56bfc062723c751e8b465ee728b)
Start importing Assets/PreHub/Pillow/makura1.prefab using Guid(37105d9563b5aa342a3f107c6ca70958) Importer(815301076,1909f56bfc062723c751e8b465ee728b)  -> (artifact id: '2f8cdfee464f7d5d6d0b7b3baa36db79') in 0.021664 seconds 
========================================================================
Received Import Request.
  Time since last request: 1.416505 seconds.
  path: Assets/ProBuilder Data/Default Material Palette.asset
  artifactKey: Guid(8a542c91f008cad4980bdbc07c7dd380) Importer(815301076,1909f56bfc062723c751e8b465ee728b)
Start importing Assets/ProBuilder Data/Default Material Palette.asset using Guid(8a542c91f008cad4980bdbc07c7dd380) Importer(815301076,1909f56bfc062723c751e8b465ee728b)  -> (artifact id: '2ab711a0c90d38c639ac818f7052dad6') in 0.009128 seconds 
========================================================================
Received Import Request.
  Time since last request: 22.069693 seconds.
  path: Assets/Material/New Material 2.mat
  artifactKey: Guid(e6f2ec3899dfa2d4cab7ec87546e37dc) Importer(815301076,1909f56bfc062723c751e8b465ee728b)
Start importing Assets/Material/New Material 2.mat using Guid(e6f2ec3899dfa2d4cab7ec87546e37dc) Importer(815301076,1909f56bfc062723c751e8b465ee728b)  -> (artifact id: '9882e1a481431496d7cfec86de50f50f') in 0.018966 seconds 
========================================================================
Received Import Request.
  Time since last request: 0.000042 seconds.
  path: Assets/Material/New Material 5.mat
  artifactKey: Guid(e69de0b650dca9543847707ce5bf84ac) Importer(815301076,1909f56bfc062723c751e8b465ee728b)
Start importing Assets/Material/New Material 5.mat using Guid(e69de0b650dca9543847707ce5bf84ac) Importer(815301076,1909f56bfc062723c751e8b465ee728b)  -> (artifact id: 'e2fb70171e53ce3b6afbe24f02b81bb5') in 0.020865 seconds 
========================================================================
Received Import Request.
  Time since last request: 56.996107 seconds.
  path: Assets/Effect/EnemyEffect/purpleEnemyEffect.prefab
  artifactKey: Guid(1615cb57742cb444b8e19c81f29a3e42) Importer(815301076,1909f56bfc062723c751e8b465ee728b)
Start importing Assets/Effect/EnemyEffect/purpleEnemyEffect.prefab using Guid(1615cb57742cb444b8e19c81f29a3e42) Importer(815301076,1909f56bfc062723c751e8b465ee728b)  -> (artifact id: '01f133392771ffba123e8f51f909f85d') in 0.027626 seconds 
========================================================================
Received Import Request.
  Time since last request: 334.769950 seconds.
  path: Assets/Models/Player/su-tu_walk motion.fbx
  artifactKey: Guid(9b6b744c50ccddf478b9d14e678e0dfe) Importer(815301076,1909f56bfc062723c751e8b465ee728b)
Start importing Assets/Models/Player/su-tu_walk motion.fbx using Guid(9b6b744c50ccddf478b9d14e678e0dfe) Importer(815301076,1909f56bfc062723c751e8b465ee728b)  -> (artifact id: 'e32c3663d132a19f81bdc50adcd728aa') in 0.088598 seconds 
========================================================================
Received Import Request.
  Time since last request: 0.000038 seconds.
  path: Assets/Models/Player/su-tu_standby motion.fbx
  artifactKey: Guid(5df48eff10479e8469f29d1a0bdd9c30) Importer(815301076,1909f56bfc062723c751e8b465ee728b)
Start importing Assets/Models/Player/su-tu_standby motion.fbx using Guid(5df48eff10479e8469f29d1a0bdd9c30) Importer(815301076,1909f56bfc062723c751e8b465ee728b)  -> (artifact id: 'c8985d415b553279f4cd2298502f22e9') in 0.091574 seconds 
========================================================================
Received Import Request.
  Time since last request: 219.406241 seconds.
  path: Assets/AurynSky/Gems Ultimate Pack/Materials/Blank.mat
  artifactKey: Guid(932bfbb102946e04796ee9ade9385119) Importer(815301076,1909f56bfc062723c751e8b465ee728b)
Start importing Assets/AurynSky/Gems Ultimate Pack/Materials/Blank.mat using Guid(932bfbb102946e04796ee9ade9385119) Importer(815301076,1909f56bfc062723c751e8b465ee728b)  -> (artifact id: '725bf46ba337fc366961be33565364b2') in 0.023566 seconds 
========================================================================
Received Import Request.
  Time since last request: 0.000024 seconds.
  path: Assets/AurynSky/Gems Ultimate Pack/Materials/Material.mat
  artifactKey: Guid(a5ab27f24d140594197755b8c9ee7179) Importer(815301076,1909f56bfc062723c751e8b465ee728b)
Start importing Assets/AurynSky/Gems Ultimate Pack/Materials/Material.mat using Guid(a5ab27f24d140594197755b8c9ee7179) Importer(815301076,1909f56bfc062723c751e8b465ee728b)  -> (artifact id: '86f82de35252d0ca281ff9a9f0f792df') in 0.027847 seconds 
========================================================================
Received Import Request.
  Time since last request: 0.000023 seconds.
  path: Assets/AurynSky/Gems Ultimate Pack/Materials/Yellow.mat
  artifactKey: Guid(640dc2f025ee433489ca50d9f685de47) Importer(815301076,1909f56bfc062723c751e8b465ee728b)
Start importing Assets/AurynSky/Gems Ultimate Pack/Materials/Yellow.mat using Guid(640dc2f025ee433489ca50d9f685de47) Importer(815301076,1909f56bfc062723c751e8b465ee728b)  -> (artifact id: 'b1394f8614bb8968e7a99f9dbdb81512') in 0.020554 seconds 
========================================================================
Received Import Request.
  Time since last request: 0.000021 seconds.
  path: Assets/AurynSky/Gems Ultimate Pack/Materials/Purple.mat
  artifactKey: Guid(152a75409221b6244be7b0063172b666) Importer(815301076,1909f56bfc062723c751e8b465ee728b)
Start importing Assets/AurynSky/Gems Ultimate Pack/Materials/Purple.mat using Guid(152a75409221b6244be7b0063172b666) Importer(815301076,1909f56bfc062723c751e8b465ee728b)  -> (artifact id: '6850f48b76c5361db8095d5adaf9b3b3') in 0.018314 seconds 
========================================================================
Received Import Request.
  Time since last request: 0.000028 seconds.
  path: Assets/AurynSky/Gems Ultimate Pack/Materials/Blue.mat
  artifactKey: Guid(d3fdd53a2b5dd904fad8d824266a4cad) Importer(815301076,1909f56bfc062723c751e8b465ee728b)
Start importing Assets/AurynSky/Gems Ultimate Pack/Materials/Blue.mat using Guid(d3fdd53a2b5dd904fad8d824266a4cad) Importer(815301076,1909f56bfc062723c751e8b465ee728b)  -> (artifact id: 'bdccb74b8e0fabb2aa6f5807b0031396') in 0.033919 seconds 
========================================================================
Received Prepare
Registering precompiled user dll's ...
Registered in 0.003489 seconds.
Begin MonoManager ReloadAssembly
Symbol file LoadedFromMemory doesn't match image C:\Users\noran\DATEUP1\Library\PackageCache\com.unity.visualscripting@1.7.8\Editor\VisualScripting.Core\Dependencies\YamlDotNet\Unity.VisualScripting.YamlDotNet.dll
Symbol file LoadedFromMemory doesn't match image C:\Users\noran\DATEUP1\Library\PackageCache\com.unity.visualscripting@1.7.8\Editor\VisualScripting.Core\Dependencies\DotNetZip\Unity.VisualScripting.IonicZip.dll
Native extension for WindowsStandalone target not found
Native extension for Android target not found
Refreshing native plugins compatible for Editor in 0.73 ms, found 3 plugins.
Preloading 0 native plugins for Editor in 0.00 ms.
Mono: successfully reloaded assembly
- Completed reload, in  0.918 seconds
Domain Reload Profiling:
	ReloadAssembly (919ms)
		BeginReloadAssembly (123ms)
			ExecutionOrderSort (0ms)
			DisableScriptedObjects (6ms)
			BackupInstance (0ms)
			ReleaseScriptingObjects (0ms)
			CreateAndSetChildDomain (42ms)
		EndReloadAssembly (722ms)
			LoadAssemblies (64ms)
			RebuildTransferFunctionScriptingTraits (0ms)
			SetupTypeCache (231ms)
			ReleaseScriptCaches (2ms)
			RebuildScriptCaches (44ms)
			SetupLoadedEditorAssemblies (337ms)
				LogAssemblyErrors (0ms)
				InitializePlatformSupportModulesInManaged (19ms)
				SetLoadedEditorAssemblies (1ms)
				RefreshPlugins (1ms)
				BeforeProcessingInitializeOnLoad (63ms)
				ProcessInitializeOnLoadAttributes (226ms)
				ProcessInitializeOnLoadMethodAttributes (24ms)
				AfterProcessingInitializeOnLoad (4ms)
				EditorAssembliesLoaded (0ms)
			ExecutionOrderSort2 (0ms)
			AwakeInstancesAfterBackupRestoration (5ms)
Platform modules already initialized, skipping
Refreshing native plugins compatible for Editor in 1.64 ms, found 3 plugins.
Preloading 0 native plugins for Editor in 0.00 ms.
Unloading 4095 Unused Serialized files (Serialized files now loaded: 0)
Unloading 20 unused Assets / (62.6 KB). Loaded Objects now: 4646.
Memory consumption went from 164.3 MB to 164.3 MB.
Total: 3.233000 ms (FindLiveObjects: 0.351300 ms CreateObjectMapping: 0.146200 ms MarkObjects: 2.647900 ms  DeleteObjects: 0.086400 ms)

AssetImportParameters requested are different than current active one (requested -> active):
  custom:video-decoder-ogg-theora: a1e56fd34408186e4bbccfd4996cb3dc -> 
  custom:container-muxer-webm: aa71ff27fc2769a1b78a27578f13a17b -> 
  custom:container-demuxer-webm: 4f35f7cbe854078d1ac9338744f61a02 -> 
  custom:video-encoder-webm-vp8: eb34c28f22e8b96e1ab97ce403110664 -> 
  custom:video-codec-MediaFoundation-h265: 746d11721c4dcdbdad8f713fa42b33f4 -> 
  custom:audio-encoder-webm-vorbis: bf7c407c2cedff20999df2af8eb42d56 -> 
  custom:framework-win-MediaFoundation: 216162199b28c13a410421893ffa2e32 -> 
  custom:container-demuxer-ogg: 62fdf1f143b41e24485cea50d1cbac27 -> 
  custom:video-decoder-webm-vp8: 9c59270c3fd7afecdb556c50c9e8de78 -> 
  custom:audio-decoder-ogg-vorbis: bf7c407c2cedff20999df2af8eb42d56 -> 
Editor requested this worker to shutdown with reason: Scaling down because of idle timeout
AssetImportWorker is now disconnected from the server
Process exiting
Exiting without the bug reporter. Application will terminate with return code 0